{"/home/diogo/click-hero/fury-app-v2/apps/api/src/lib/campaigns-cache.ts": {"path":"/home/diogo/click-hero/fury-app-v2/apps/api/src/lib/campaigns-cache.ts","statementMap":{"0":{"start":{"line":3,"column":28},"end":{"line":3,"column":null}},"1":{"start":{"line":13,"column":8},"end":{"line":13,"column":null}},"2":{"start":{"line":14,"column":14},"end":{"line":14,"column":null}},"3":{"start":{"line":16,"column":2},"end":{"line":22,"column":null}},"4":{"start":{"line":17,"column":19},"end":{"line":17,"column":null}},"5":{"start":{"line":18,"column":4},"end":{"line":18,"column":null}},"6":{"start":{"line":20,"column":4},"end":{"line":20,"column":null}},"7":{"start":{"line":21,"column":4},"end":{"line":21,"column":null}},"8":{"start":{"line":26,"column":8},"end":{"line":26,"column":null}},"9":{"start":{"line":27,"column":14},"end":{"line":27,"column":null}},"10":{"start":{"line":29,"column":2},"end":{"line":33,"column":null}},"11":{"start":{"line":30,"column":4},"end":{"line":30,"column":null}},"12":{"start":{"line":32,"column":4},"end":{"line":32,"column":null}},"13":{"start":{"line":37,"column":8},"end":{"line":37,"column":null}},"14":{"start":{"line":39,"column":2},"end":{"line":48,"column":null}},"15":{"start":{"line":40,"column":20},"end":{"line":40,"column":null}},"16":{"start":{"line":41,"column":17},"end":{"line":41,"column":null}},"17":{"start":{"line":43,"column":4},"end":{"line":45,"column":null}},"18":{"start":{"line":44,"column":6},"end":{"line":44,"column":null}},"19":{"start":{"line":47,"column":4},"end":{"line":47,"column":null}},"20":{"start":{"line":52,"column":21},"end":{"line":52,"column":null}},"21":{"start":{"line":53,"column":2},"end":{"line":53,"column":null}}},"fnMap":{"0":{"name":"getCampaignsCache","decl":{"start":{"line":12,"column":22},"end":{"line":12,"column":40}},"loc":{"start":{"line":12,"column":85},"end":{"line":23,"column":null}},"line":12},"1":{"name":"setCampaignsCache","decl":{"start":{"line":25,"column":22},"end":{"line":25,"column":40}},"loc":{"start":{"line":25,"column":97},"end":{"line":34,"column":null}},"line":25},"2":{"name":"invalidateCampaignsCache","decl":{"start":{"line":36,"column":22},"end":{"line":36,"column":47}},"loc":{"start":{"line":36,"column":80},"end":{"line":49,"column":null}},"line":36},"3":{"name":"generateCampaignsKey","decl":{"start":{"line":51,"column":9},"end":{"line":51,"column":30}},"loc":{"start":{"line":51,"column":69},"end":{"line":54,"column":null}},"line":51}},"branchMap":{"0":{"loc":{"start":{"line":18,"column":11},"end":{"line":18,"column":null}},"type":"cond-expr","locations":[{"start":{"line":18,"column":20},"end":{"line":18,"column":41}},{"start":{"line":18,"column":41},"end":{"line":18,"column":null}}],"line":18},"1":{"loc":{"start":{"line":43,"column":4},"end":{"line":45,"column":null}},"type":"if","locations":[{"start":{"line":43,"column":4},"end":{"line":45,"column":null}},{"start":{},"end":{}}],"line":43},"2":{"loc":{"start":{"line":52,"column":21},"end":{"line":52,"column":null}},"type":"cond-expr","locations":[{"start":{"line":52,"column":36},"end":{"line":52,"column":57}},{"start":{"line":52,"column":57},"end":{"line":52,"column":null}}],"line":52}},"s":{"0":1,"1":0,"2":0,"3":0,"4":0,"5":0,"6":0,"7":0,"8":0,"9":0,"10":0,"11":0,"12":0,"13":0,"14":0,"15":0,"16":0,"17":0,"18":0,"19":0,"20":0,"21":0},"f":{"0":0,"1":0,"2":0,"3":0},"b":{"0":[0,0],"1":[0,0],"2":[0,0]},"meta":{"lastBranch":3,"lastFunction":4,"lastStatement":22,"seen":{"s:3:28:3:Infinity":0,"f:12:22:12:40":0,"s:13:8:13:Infinity":1,"s:14:14:14:Infinity":2,"s:16:2:22:Infinity":3,"s:17:19:17:Infinity":4,"s:18:4:18:Infinity":5,"b:18:20:18:41:18:41:18:Infinity":0,"s:20:4:20:Infinity":6,"s:21:4:21:Infinity":7,"f:25:22:25:40":1,"s:26:8:26:Infinity":8,"s:27:14:27:Infinity":9,"s:29:2:33:Infinity":10,"s:30:4:30:Infinity":11,"s:32:4:32:Infinity":12,"f:36:22:36:47":2,"s:37:8:37:Infinity":13,"s:39:2:48:Infinity":14,"s:40:20:40:Infinity":15,"s:41:17:41:Infinity":16,"b:43:4:45:Infinity:undefined:undefined:undefined:undefined":1,"s:43:4:45:Infinity":17,"s:44:6:44:Infinity":18,"s:47:4:47:Infinity":19,"f:51:9:51:30":3,"s:52:21:52:Infinity":20,"b:52:36:52:57:52:57:52:Infinity":2,"s:53:2:53:Infinity":21},"fnNames":{}}}
,"/home/diogo/click-hero/fury-app-v2/apps/api/src/lib/db.ts": {"path":"/home/diogo/click-hero/fury-app-v2/apps/api/src/lib/db.ts","statementMap":{},"fnMap":{},"branchMap":{},"s":{},"f":{},"b":{},"meta":{"lastBranch":0,"lastFunction":0,"lastStatement":0,"seen":{},"fnNames":{}}}
,"/home/diogo/click-hero/fury-app-v2/apps/api/src/lib/jwt.ts": {"path":"/home/diogo/click-hero/fury-app-v2/apps/api/src/lib/jwt.ts","statementMap":{"0":{"start":{"line":5,"column":16},"end":{"line":5,"column":null}},"1":{"start":{"line":6,"column":2},"end":{"line":6,"column":null}},"2":{"start":{"line":6,"column":14},"end":{"line":6,"column":null}},"3":{"start":{"line":7,"column":2},"end":{"line":7,"column":null}},"4":{"start":{"line":10,"column":19},"end":{"line":10,"column":null}},"5":{"start":{"line":11,"column":27},"end":{"line":11,"column":null}},"6":{"start":{"line":28,"column":2},"end":{"line":30,"column":null}},"7":{"start":{"line":34,"column":2},"end":{"line":36,"column":null}},"8":{"start":{"line":40,"column":2},"end":{"line":48,"column":null}},"9":{"start":{"line":41,"column":20},"end":{"line":41,"column":null}},"10":{"start":{"line":42,"column":4},"end":{"line":42,"column":null}},"11":{"start":{"line":44,"column":4},"end":{"line":46,"column":null}},"12":{"start":{"line":45,"column":6},"end":{"line":45,"column":null}},"13":{"start":{"line":47,"column":4},"end":{"line":47,"column":null}},"14":{"start":{"line":52,"column":2},"end":{"line":60,"column":null}},"15":{"start":{"line":53,"column":20},"end":{"line":53,"column":null}},"16":{"start":{"line":54,"column":4},"end":{"line":54,"column":null}},"17":{"start":{"line":56,"column":4},"end":{"line":58,"column":null}},"18":{"start":{"line":57,"column":6},"end":{"line":57,"column":null}},"19":{"start":{"line":59,"column":4},"end":{"line":59,"column":null}}},"fnMap":{"0":{"name":"requireEnv","decl":{"start":{"line":4,"column":9},"end":{"line":4,"column":20}},"loc":{"start":{"line":4,"column":42},"end":{"line":8,"column":null}},"line":4},"1":{"name":"generateAccessToken","decl":{"start":{"line":27,"column":16},"end":{"line":27,"column":36}},"loc":{"start":{"line":27,"column":73},"end":{"line":31,"column":null}},"line":27},"2":{"name":"generateRefreshToken","decl":{"start":{"line":33,"column":16},"end":{"line":33,"column":37}},"loc":{"start":{"line":33,"column":61},"end":{"line":37,"column":null}},"line":33},"3":{"name":"verifyAccessToken","decl":{"start":{"line":39,"column":16},"end":{"line":39,"column":34}},"loc":{"start":{"line":39,"column":69},"end":{"line":49,"column":null}},"line":39},"4":{"name":"verifyRefreshToken","decl":{"start":{"line":51,"column":16},"end":{"line":51,"column":35}},"loc":{"start":{"line":51,"column":71},"end":{"line":61,"column":null}},"line":51}},"branchMap":{"0":{"loc":{"start":{"line":6,"column":2},"end":{"line":6,"column":null}},"type":"if","locations":[{"start":{"line":6,"column":2},"end":{"line":6,"column":null}},{"start":{},"end":{}}],"line":6},"1":{"loc":{"start":{"line":29,"column":16},"end":{"line":29,"column":null}},"type":"binary-expr","locations":[{"start":{"line":29,"column":16},"end":{"line":29,"column":46}},{"start":{"line":29,"column":46},"end":{"line":29,"column":null}}],"line":29},"2":{"loc":{"start":{"line":35,"column":16},"end":{"line":35,"column":null}},"type":"binary-expr","locations":[{"start":{"line":35,"column":16},"end":{"line":35,"column":54}},{"start":{"line":35,"column":54},"end":{"line":35,"column":null}}],"line":35},"3":{"loc":{"start":{"line":44,"column":4},"end":{"line":46,"column":null}},"type":"if","locations":[{"start":{"line":44,"column":4},"end":{"line":46,"column":null}},{"start":{},"end":{}}],"line":44},"4":{"loc":{"start":{"line":56,"column":4},"end":{"line":58,"column":null}},"type":"if","locations":[{"start":{"line":56,"column":4},"end":{"line":58,"column":null}},{"start":{},"end":{}}],"line":56}},"s":{"0":2,"1":2,"2":0,"3":2,"4":1,"5":1,"6":2,"7":1,"8":3,"9":3,"10":3,"11":2,"12":1,"13":1,"14":1,"15":1,"16":1,"17":1,"18":0,"19":1},"f":{"0":2,"1":2,"2":1,"3":3,"4":1},"b":{"0":[0,2],"1":[2,2],"2":[1,1],"3":[1,1],"4":[0,1]},"meta":{"lastBranch":5,"lastFunction":5,"lastStatement":20,"seen":{"f:4:9:4:20":0,"s:5:16:5:Infinity":0,"b:6:2:6:Infinity:undefined:undefined:undefined:undefined":0,"s:6:2:6:Infinity":1,"s:6:14:6:Infinity":2,"s:7:2:7:Infinity":3,"s:10:19:10:Infinity":4,"s:11:27:11:Infinity":5,"f:27:16:27:36":1,"s:28:2:30:Infinity":6,"b:29:16:29:46:29:46:29:Infinity":1,"f:33:16:33:37":2,"s:34:2:36:Infinity":7,"b:35:16:35:54:35:54:35:Infinity":2,"f:39:16:39:34":3,"s:40:2:48:Infinity":8,"s:41:20:41:Infinity":9,"s:42:4:42:Infinity":10,"b:44:4:46:Infinity:undefined:undefined:undefined:undefined":3,"s:44:4:46:Infinity":11,"s:45:6:45:Infinity":12,"s:47:4:47:Infinity":13,"f:51:16:51:35":4,"s:52:2:60:Infinity":14,"s:53:20:53:Infinity":15,"s:54:4:54:Infinity":16,"b:56:4:58:Infinity:undefined:undefined:undefined:undefined":4,"s:56:4:58:Infinity":17,"s:57:6:57:Infinity":18,"s:59:4:59:Infinity":19},"fnNames":{}}}
,"/home/diogo/click-hero/fury-app-v2/apps/api/src/lib/locations-cache.ts": {"path":"/home/diogo/click-hero/fury-app-v2/apps/api/src/lib/locations-cache.ts","statementMap":{"0":{"start":{"line":4,"column":33},"end":{"line":4,"column":null}},"1":{"start":{"line":7,"column":2},"end":{"line":7,"column":null}},"2":{"start":{"line":11,"column":8},"end":{"line":11,"column":null}},"3":{"start":{"line":13,"column":2},"end":{"line":19,"column":null}},"4":{"start":{"line":14,"column":19},"end":{"line":14,"column":null}},"5":{"start":{"line":15,"column":4},"end":{"line":15,"column":null}},"6":{"start":{"line":17,"column":4},"end":{"line":17,"column":null}},"7":{"start":{"line":18,"column":4},"end":{"line":18,"column":null}},"8":{"start":{"line":23,"column":8},"end":{"line":23,"column":null}},"9":{"start":{"line":25,"column":2},"end":{"line":29,"column":null}},"10":{"start":{"line":26,"column":4},"end":{"line":26,"column":null}},"11":{"start":{"line":28,"column":4},"end":{"line":28,"column":null}}},"fnMap":{"0":{"name":"generateLocationsKey","decl":{"start":{"line":6,"column":9},"end":{"line":6,"column":30}},"loc":{"start":{"line":6,"column":53},"end":{"line":8,"column":null}},"line":6},"1":{"name":"getMetaLocationsCache","decl":{"start":{"line":10,"column":22},"end":{"line":10,"column":44}},"loc":{"start":{"line":10,"column":97},"end":{"line":20,"column":null}},"line":10},"2":{"name":"setMetaLocationsCache","decl":{"start":{"line":22,"column":22},"end":{"line":22,"column":44}},"loc":{"start":{"line":22,"column":102},"end":{"line":30,"column":null}},"line":22}},"branchMap":{"0":{"loc":{"start":{"line":15,"column":11},"end":{"line":15,"column":null}},"type":"cond-expr","locations":[{"start":{"line":15,"column":20},"end":{"line":15,"column":41}},{"start":{"line":15,"column":41},"end":{"line":15,"column":null}}],"line":15}},"s":{"0":1,"1":0,"2":0,"3":0,"4":0,"5":0,"6":0,"7":0,"8":0,"9":0,"10":0,"11":0},"f":{"0":0,"1":0,"2":0},"b":{"0":[0,0]},"meta":{"lastBranch":1,"lastFunction":3,"lastStatement":12,"seen":{"s:4:33:4:Infinity":0,"f:6:9:6:30":0,"s:7:2:7:Infinity":1,"f:10:22:10:44":1,"s:11:8:11:Infinity":2,"s:13:2:19:Infinity":3,"s:14:19:14:Infinity":4,"s:15:4:15:Infinity":5,"b:15:20:15:41:15:41:15:Infinity":0,"s:17:4:17:Infinity":6,"s:18:4:18:Infinity":7,"f:22:22:22:44":2,"s:23:8:23:Infinity":8,"s:25:2:29:Infinity":9,"s:26:4:26:Infinity":10,"s:28:4:28:Infinity":11},"fnNames":{}}}
,"/home/diogo/click-hero/fury-app-v2/apps/api/src/lib/meta-api.ts": {"path":"/home/diogo/click-hero/fury-app-v2/apps/api/src/lib/meta-api.ts","statementMap":{"0":{"start":{"line":4,"column":25},"end":{"line":4,"column":null}},"1":{"start":{"line":5,"column":28},"end":{"line":5,"column":null}},"2":{"start":{"line":8,"column":16},"end":{"line":8,"column":null}},"3":{"start":{"line":9,"column":2},"end":{"line":9,"column":null}},"4":{"start":{"line":9,"column":14},"end":{"line":9,"column":null}},"5":{"start":{"line":10,"column":2},"end":{"line":10,"column":null}},"6":{"start":{"line":13,"column":23},"end":{"line":13,"column":null}},"7":{"start":{"line":14,"column":18},"end":{"line":14,"column":null}},"8":{"start":{"line":17,"column":2},"end":{"line":40,"column":null}},"9":{"start":{"line":18,"column":4},"end":{"line":20,"column":null}},"10":{"start":{"line":19,"column":6},"end":{"line":19,"column":null}},"11":{"start":{"line":22,"column":34},"end":{"line":22,"column":null}},"12":{"start":{"line":23,"column":4},"end":{"line":25,"column":null}},"13":{"start":{"line":24,"column":6},"end":{"line":24,"column":null}},"14":{"start":{"line":27,"column":15},"end":{"line":27,"column":null}},"15":{"start":{"line":28,"column":22},"end":{"line":28,"column":null}},"16":{"start":{"line":30,"column":10},"end":{"line":30,"column":null}},"17":{"start":{"line":32,"column":10},"end":{"line":32,"column":null}},"18":{"start":{"line":33,"column":20},"end":{"line":33,"column":null}},"19":{"start":{"line":34,"column":4},"end":{"line":34,"column":null}},"20":{"start":{"line":36,"column":4},"end":{"line":36,"column":null}},"21":{"start":{"line":38,"column":4},"end":{"line":38,"column":null}},"22":{"start":{"line":38,"column":33},"end":{"line":38,"column":null}},"23":{"start":{"line":39,"column":4},"end":{"line":39,"column":null}},"24":{"start":{"line":44,"column":8},"end":{"line":44,"column":null}},"25":{"start":{"line":45,"column":8},"end":{"line":45,"column":null}},"26":{"start":{"line":46,"column":8},"end":{"line":46,"column":null}},"27":{"start":{"line":48,"column":18},"end":{"line":48,"column":null}},"28":{"start":{"line":49,"column":2},"end":{"line":49,"column":null}},"29":{"start":{"line":51,"column":2},"end":{"line":51,"column":null}},"30":{"start":{"line":95,"column":15},"end":{"line":95,"column":null}},"31":{"start":{"line":96,"column":18},"end":{"line":96,"column":null}},"32":{"start":{"line":98,"column":2},"end":{"line":100,"column":null}},"33":{"start":{"line":99,"column":4},"end":{"line":99,"column":null}},"34":{"start":{"line":102,"column":2},"end":{"line":104,"column":null}},"35":{"start":{"line":103,"column":4},"end":{"line":103,"column":null}},"36":{"start":{"line":106,"column":2},"end":{"line":106,"column":null}},"37":{"start":{"line":110,"column":22},"end":{"line":110,"column":null}},"38":{"start":{"line":111,"column":17},"end":{"line":111,"column":null}},"39":{"start":{"line":112,"column":18},"end":{"line":112,"column":null}},"40":{"start":{"line":114,"column":2},"end":{"line":120,"column":null}},"41":{"start":{"line":115,"column":20},"end":{"line":115,"column":null}},"42":{"start":{"line":116,"column":4},"end":{"line":119,"column":null}},"43":{"start":{"line":122,"column":2},"end":{"line":122,"column":null}},"44":{"start":{"line":131,"column":14},"end":{"line":131,"column":null}},"45":{"start":{"line":132,"column":2},"end":{"line":132,"column":null}},"46":{"start":{"line":133,"column":2},"end":{"line":133,"column":null}},"47":{"start":{"line":134,"column":2},"end":{"line":134,"column":null}},"48":{"start":{"line":135,"column":2},"end":{"line":135,"column":null}},"49":{"start":{"line":137,"column":19},"end":{"line":137,"column":null}},"50":{"start":{"line":138,"column":2},"end":{"line":138,"column":null}},"51":{"start":{"line":146,"column":14},"end":{"line":146,"column":null}},"52":{"start":{"line":147,"column":2},"end":{"line":147,"column":null}},"53":{"start":{"line":148,"column":2},"end":{"line":148,"column":null}},"54":{"start":{"line":149,"column":2},"end":{"line":149,"column":null}},"55":{"start":{"line":150,"column":2},"end":{"line":150,"column":null}},"56":{"start":{"line":152,"column":19},"end":{"line":152,"column":null}},"57":{"start":{"line":153,"column":2},"end":{"line":156,"column":null}},"58":{"start":{"line":160,"column":14},"end":{"line":160,"column":null}},"59":{"start":{"line":161,"column":2},"end":{"line":161,"column":null}},"60":{"start":{"line":162,"column":2},"end":{"line":162,"column":null}},"61":{"start":{"line":164,"column":19},"end":{"line":164,"column":null}},"62":{"start":{"line":165,"column":18},"end":{"line":168,"column":null}},"63":{"start":{"line":170,"column":2},"end":{"line":170,"column":null}},"64":{"start":{"line":174,"column":14},"end":{"line":174,"column":null}},"65":{"start":{"line":175,"column":2},"end":{"line":175,"column":null}},"66":{"start":{"line":176,"column":2},"end":{"line":176,"column":null}},"67":{"start":{"line":178,"column":19},"end":{"line":178,"column":null}},"68":{"start":{"line":179,"column":18},"end":{"line":182,"column":null}},"69":{"start":{"line":184,"column":2},"end":{"line":184,"column":null}},"70":{"start":{"line":200,"column":14},"end":{"line":200,"column":null}},"71":{"start":{"line":201,"column":2},"end":{"line":201,"column":null}},"72":{"start":{"line":202,"column":2},"end":{"line":202,"column":null}},"73":{"start":{"line":204,"column":19},"end":{"line":204,"column":null}},"74":{"start":{"line":205,"column":18},"end":{"line":208,"column":null}},"75":{"start":{"line":210,"column":2},"end":{"line":215,"column":null}},"76":{"start":{"line":210,"column":45},"end":{"line":215,"column":4}},"77":{"start":{"line":219,"column":14},"end":{"line":219,"column":null}},"78":{"start":{"line":220,"column":2},"end":{"line":220,"column":null}},"79":{"start":{"line":221,"column":2},"end":{"line":221,"column":null}},"80":{"start":{"line":223,"column":19},"end":{"line":223,"column":null}},"81":{"start":{"line":224,"column":18},"end":{"line":227,"column":null}},"82":{"start":{"line":229,"column":2},"end":{"line":229,"column":null}},"83":{"start":{"line":244,"column":21},"end":{"line":244,"column":null}},"84":{"start":{"line":246,"column":2},"end":{"line":249,"column":null}},"85":{"start":{"line":247,"column":21},"end":{"line":247,"column":null}},"86":{"start":{"line":248,"column":4},"end":{"line":248,"column":null}},"87":{"start":{"line":251,"column":18},"end":{"line":256,"column":null}},"88":{"start":{"line":252,"column":40},"end":{"line":255,"column":6}},"89":{"start":{"line":258,"column":39},"end":{"line":258,"column":null}},"90":{"start":{"line":259,"column":15},"end":{"line":259,"column":null}},"91":{"start":{"line":260,"column":36},"end":{"line":260,"column":null}},"92":{"start":{"line":262,"column":2},"end":{"line":280,"column":null}},"93":{"start":{"line":262,"column":15},"end":{"line":262,"column":18}},"94":{"start":{"line":263,"column":19},"end":{"line":263,"column":null}},"95":{"start":{"line":264,"column":23},"end":{"line":264,"column":null}},"96":{"start":{"line":266,"column":4},"end":{"line":279,"column":null}},"97":{"start":{"line":267,"column":6},"end":{"line":272,"column":null}},"98":{"start":{"line":268,"column":8},"end":{"line":271,"column":null}},"99":{"start":{"line":269,"column":10},"end":{"line":269,"column":null}},"100":{"start":{"line":270,"column":10},"end":{"line":270,"column":null}},"101":{"start":{"line":274,"column":6},"end":{"line":274,"column":null}},"102":{"start":{"line":275,"column":6},"end":{"line":278,"column":null}},"103":{"start":{"line":282,"column":2},"end":{"line":282,"column":null}},"104":{"start":{"line":311,"column":19},"end":{"line":314,"column":null}},"105":{"start":{"line":316,"column":8},"end":{"line":317,"column":null}},"106":{"start":{"line":316,"column":56},"end":{"line":316,"column":91}},"107":{"start":{"line":319,"column":2},"end":{"line":325,"column":null}},"108":{"start":{"line":320,"column":4},"end":{"line":324,"column":null}},"109":{"start":{"line":327,"column":2},"end":{"line":327,"column":null}},"110":{"start":{"line":332,"column":19},"end":{"line":335,"column":null}},"111":{"start":{"line":337,"column":2},"end":{"line":337,"column":null}},"112":{"start":{"line":348,"column":71},"end":{"line":354,"column":null}},"113":{"start":{"line":366,"column":43},"end":{"line":366,"column":null}},"114":{"start":{"line":368,"column":22},"end":{"line":368,"column":null}},"115":{"start":{"line":369,"column":25},"end":{"line":369,"column":null}},"116":{"start":{"line":371,"column":2},"end":{"line":390,"column":null}},"117":{"start":{"line":372,"column":4},"end":{"line":389,"column":null}},"118":{"start":{"line":373,"column":23},"end":{"line":376,"column":null}},"119":{"start":{"line":378,"column":6},"end":{"line":383,"column":null}},"120":{"start":{"line":379,"column":22},"end":{"line":379,"column":null}},"121":{"start":{"line":380,"column":8},"end":{"line":382,"column":null}},"122":{"start":{"line":381,"column":10},"end":{"line":381,"column":null}},"123":{"start":{"line":385,"column":6},"end":{"line":388,"column":null}},"124":{"start":{"line":392,"column":2},"end":{"line":392,"column":null}},"125":{"start":{"line":416,"column":45},"end":{"line":416,"column":null}},"126":{"start":{"line":418,"column":2},"end":{"line":430,"column":null}},"127":{"start":{"line":419,"column":19},"end":{"line":422,"column":null}},"128":{"start":{"line":424,"column":4},"end":{"line":427,"column":null}},"129":{"start":{"line":425,"column":6},"end":{"line":425,"column":null}},"130":{"start":{"line":425,"column":36},"end":{"line":425,"column":null}},"131":{"start":{"line":426,"column":6},"end":{"line":426,"column":null}},"132":{"start":{"line":426,"column":33},"end":{"line":426,"column":null}},"133":{"start":{"line":429,"column":4},"end":{"line":429,"column":null}},"134":{"start":{"line":432,"column":2},"end":{"line":446,"column":null}},"135":{"start":{"line":433,"column":22},"end":{"line":436,"column":null}},"136":{"start":{"line":438,"column":19},"end":{"line":438,"column":null}},"137":{"start":{"line":439,"column":4},"end":{"line":443,"column":null}},"138":{"start":{"line":440,"column":20},"end":{"line":440,"column":null}},"139":{"start":{"line":441,"column":19},"end":{"line":441,"column":null}},"140":{"start":{"line":442,"column":6},"end":{"line":442,"column":null}},"141":{"start":{"line":445,"column":4},"end":{"line":445,"column":null}},"142":{"start":{"line":448,"column":2},"end":{"line":448,"column":null}},"143":{"start":{"line":476,"column":24},"end":{"line":476,"column":null}},"144":{"start":{"line":477,"column":19},"end":{"line":480,"column":null}},"145":{"start":{"line":482,"column":2},"end":{"line":489,"column":null}},"146":{"start":{"line":482,"column":46},"end":{"line":489,"column":4}},"147":{"start":{"line":540,"column":2},"end":{"line":540,"column":null}},"148":{"start":{"line":541,"column":27},"end":{"line":541,"column":null}},"149":{"start":{"line":543,"column":27},"end":{"line":543,"column":null}},"150":{"start":{"line":545,"column":25},"end":{"line":545,"column":null}},"151":{"start":{"line":547,"column":28},"end":{"line":550,"column":null}},"152":{"start":{"line":553,"column":2},"end":{"line":553,"column":null}},"153":{"start":{"line":557,"column":2},"end":{"line":557,"column":null}},"154":{"start":{"line":561,"column":2},"end":{"line":566,"column":null}},"155":{"start":{"line":573,"column":2},"end":{"line":582,"column":null}},"156":{"start":{"line":574,"column":16},"end":{"line":574,"column":null}},"157":{"start":{"line":575,"column":21},"end":{"line":575,"column":null}},"158":{"start":{"line":576,"column":4},"end":{"line":581,"column":null}},"159":{"start":{"line":580,"column":6},"end":{"line":580,"column":null}},"160":{"start":{"line":589,"column":2},"end":{"line":591,"column":null}},"161":{"start":{"line":590,"column":4},"end":{"line":590,"column":null}},"162":{"start":{"line":593,"column":2},"end":{"line":598,"column":null}},"163":{"start":{"line":594,"column":21},"end":{"line":594,"column":78}},"164":{"start":{"line":595,"column":19},"end":{"line":598,"column":6}},"165":{"start":{"line":606,"column":2},"end":{"line":612,"column":null}},"166":{"start":{"line":616,"column":18},"end":{"line":619,"column":null}},"167":{"start":{"line":621,"column":2},"end":{"line":623,"column":null}},"168":{"start":{"line":622,"column":24},"end":{"line":622,"column":90}},"169":{"start":{"line":632,"column":2},"end":{"line":645,"column":null}},"170":{"start":{"line":633,"column":17},"end":{"line":636,"column":null}},"171":{"start":{"line":638,"column":4},"end":{"line":638,"column":null}},"172":{"start":{"line":640,"column":4},"end":{"line":643,"column":null}},"173":{"start":{"line":644,"column":4},"end":{"line":644,"column":null}},"174":{"start":{"line":653,"column":14},"end":{"line":653,"column":null}},"175":{"start":{"line":654,"column":2},"end":{"line":654,"column":null}},"176":{"start":{"line":655,"column":2},"end":{"line":655,"column":null}},"177":{"start":{"line":657,"column":19},"end":{"line":657,"column":null}},"178":{"start":{"line":658,"column":18},"end":{"line":661,"column":null}},"179":{"start":{"line":663,"column":47},"end":{"line":663,"column":null}},"180":{"start":{"line":664,"column":43},"end":{"line":664,"column":null}},"181":{"start":{"line":666,"column":2},"end":{"line":673,"column":null}},"182":{"start":{"line":667,"column":19},"end":{"line":667,"column":null}},"183":{"start":{"line":668,"column":4},"end":{"line":672,"column":null}},"184":{"start":{"line":669,"column":6},"end":{"line":669,"column":null}},"185":{"start":{"line":670,"column":11},"end":{"line":672,"column":null}},"186":{"start":{"line":671,"column":6},"end":{"line":671,"column":null}},"187":{"start":{"line":675,"column":26},"end":{"line":680,"column":null}},"188":{"start":{"line":677,"column":19},"end":{"line":677,"column":null}},"189":{"start":{"line":678,"column":6},"end":{"line":678,"column":null}},"190":{"start":{"line":678,"column":35},"end":{"line":678,"column":61}},"191":{"start":{"line":682,"column":2},"end":{"line":691,"column":null}},"192":{"start":{"line":683,"column":4},"end":{"line":690,"column":null}},"193":{"start":{"line":684,"column":6},"end":{"line":684,"column":null}},"194":{"start":{"line":686,"column":6},"end":{"line":689,"column":null}},"195":{"start":{"line":693,"column":2},"end":{"line":693,"column":null}},"196":{"start":{"line":703,"column":17},"end":{"line":703,"column":null}},"197":{"start":{"line":705,"column":2},"end":{"line":715,"column":null}},"198":{"start":{"line":706,"column":4},"end":{"line":714,"column":null}},"199":{"start":{"line":707,"column":22},"end":{"line":707,"column":null}},"200":{"start":{"line":708,"column":6},"end":{"line":708,"column":null}},"201":{"start":{"line":710,"column":6},"end":{"line":713,"column":null}},"202":{"start":{"line":717,"column":2},"end":{"line":717,"column":null}},"203":{"start":{"line":724,"column":19},"end":{"line":727,"column":null}},"204":{"start":{"line":729,"column":47},"end":{"line":729,"column":null}},"205":{"start":{"line":730,"column":21},"end":{"line":730,"column":null}},"206":{"start":{"line":732,"column":2},"end":{"line":743,"column":null}},"207":{"start":{"line":733,"column":4},"end":{"line":735,"column":null}},"208":{"start":{"line":734,"column":6},"end":{"line":734,"column":null}},"209":{"start":{"line":737,"column":4},"end":{"line":742,"column":null}},"210":{"start":{"line":738,"column":6},"end":{"line":738,"column":null}},"211":{"start":{"line":740,"column":20},"end":{"line":740,"column":null}},"212":{"start":{"line":741,"column":6},"end":{"line":741,"column":null}},"213":{"start":{"line":745,"column":2},"end":{"line":745,"column":null}},"214":{"start":{"line":753,"column":14},"end":{"line":753,"column":null}},"215":{"start":{"line":754,"column":2},"end":{"line":754,"column":null}},"216":{"start":{"line":755,"column":2},"end":{"line":755,"column":null}},"217":{"start":{"line":757,"column":19},"end":{"line":757,"column":null}},"218":{"start":{"line":758,"column":18},"end":{"line":761,"column":null}},"219":{"start":{"line":763,"column":47},"end":{"line":763,"column":null}},"220":{"start":{"line":764,"column":21},"end":{"line":764,"column":null}},"221":{"start":{"line":766,"column":2},"end":{"line":776,"column":null}},"222":{"start":{"line":767,"column":4},"end":{"line":769,"column":null}},"223":{"start":{"line":768,"column":6},"end":{"line":768,"column":null}},"224":{"start":{"line":771,"column":4},"end":{"line":775,"column":null}},"225":{"start":{"line":772,"column":6},"end":{"line":772,"column":null}},"226":{"start":{"line":774,"column":6},"end":{"line":774,"column":null}},"227":{"start":{"line":778,"column":2},"end":{"line":778,"column":null}},"228":{"start":{"line":788,"column":17},"end":{"line":788,"column":null}},"229":{"start":{"line":790,"column":26},"end":{"line":792,"column":null}},"230":{"start":{"line":791,"column":36},"end":{"line":791,"column":87}},"231":{"start":{"line":794,"column":2},"end":{"line":808,"column":null}},"232":{"start":{"line":794,"column":15},"end":{"line":794,"column":18}},"233":{"start":{"line":795,"column":19},"end":{"line":795,"column":null}},"234":{"start":{"line":796,"column":23},"end":{"line":796,"column":null}},"235":{"start":{"line":797,"column":4},"end":{"line":807,"column":null}},"236":{"start":{"line":798,"column":6},"end":{"line":801,"column":null}},"237":{"start":{"line":800,"column":38},"end":{"line":800,"column":64}},"238":{"start":{"line":803,"column":6},"end":{"line":806,"column":null}},"239":{"start":{"line":810,"column":28},"end":{"line":818,"column":null}},"240":{"start":{"line":812,"column":6},"end":{"line":816,"column":null}},"241":{"start":{"line":820,"column":2},"end":{"line":824,"column":null}},"242":{"start":{"line":821,"column":4},"end":{"line":823,"column":null}},"243":{"start":{"line":822,"column":6},"end":{"line":822,"column":null}},"244":{"start":{"line":826,"column":2},"end":{"line":850,"column":null}},"245":{"start":{"line":827,"column":4},"end":{"line":834,"column":null}},"246":{"start":{"line":828,"column":6},"end":{"line":828,"column":null}},"247":{"start":{"line":830,"column":6},"end":{"line":833,"column":null}},"248":{"start":{"line":836,"column":24},"end":{"line":838,"column":null}},"249":{"start":{"line":837,"column":30},"end":{"line":837,"column":73}},"250":{"start":{"line":840,"column":4},"end":{"line":849,"column":null}},"251":{"start":{"line":840,"column":17},"end":{"line":840,"column":20}},"252":{"start":{"line":841,"column":21},"end":{"line":841,"column":null}},"253":{"start":{"line":842,"column":21},"end":{"line":842,"column":null}},"254":{"start":{"line":843,"column":6},"end":{"line":848,"column":null}},"255":{"start":{"line":844,"column":8},"end":{"line":847,"column":null}},"256":{"start":{"line":846,"column":40},"end":{"line":846,"column":62}},"257":{"start":{"line":852,"column":2},"end":{"line":852,"column":null}},"258":{"start":{"line":863,"column":17},"end":{"line":863,"column":null}},"259":{"start":{"line":867,"column":20},"end":{"line":867,"column":null}},"260":{"start":{"line":868,"column":2},"end":{"line":883,"column":null}},"261":{"start":{"line":869,"column":17},"end":{"line":872,"column":null}},"262":{"start":{"line":874,"column":4},"end":{"line":877,"column":null}},"263":{"start":{"line":875,"column":6},"end":{"line":875,"column":null}},"264":{"start":{"line":876,"column":6},"end":{"line":876,"column":null}},"265":{"start":{"line":879,"column":4},"end":{"line":882,"column":null}},"266":{"start":{"line":888,"column":2},"end":{"line":890,"column":null}},"267":{"start":{"line":889,"column":4},"end":{"line":889,"column":null}},"268":{"start":{"line":894,"column":2},"end":{"line":900,"column":null}},"269":{"start":{"line":895,"column":4},"end":{"line":899,"column":null}},"270":{"start":{"line":896,"column":6},"end":{"line":896,"column":null}},"271":{"start":{"line":902,"column":2},"end":{"line":902,"column":null}},"272":{"start":{"line":911,"column":19},"end":{"line":911,"column":null}},"273":{"start":{"line":913,"column":2},"end":{"line":915,"column":null}},"274":{"start":{"line":914,"column":28},"end":{"line":914,"column":59}},"275":{"start":{"line":915,"column":25},"end":{"line":915,"column":46}},"276":{"start":{"line":919,"column":14},"end":{"line":919,"column":null}},"277":{"start":{"line":920,"column":2},"end":{"line":920,"column":null}},"278":{"start":{"line":921,"column":2},"end":{"line":921,"column":null}},"279":{"start":{"line":923,"column":19},"end":{"line":923,"column":null}},"280":{"start":{"line":924,"column":18},"end":{"line":927,"column":null}},"281":{"start":{"line":929,"column":2},"end":{"line":931,"column":null}},"282":{"start":{"line":930,"column":4},"end":{"line":930,"column":null}},"283":{"start":{"line":933,"column":2},"end":{"line":933,"column":null}},"284":{"start":{"line":1002,"column":19},"end":{"line":1002,"column":null}},"285":{"start":{"line":1004,"column":2},"end":{"line":1208,"column":null}},"286":{"start":{"line":1005,"column":19},"end":{"line":1005,"column":null}},"287":{"start":{"line":1007,"column":4},"end":{"line":1009,"column":null}},"288":{"start":{"line":1008,"column":6},"end":{"line":1008,"column":null}},"289":{"start":{"line":1011,"column":4},"end":{"line":1015,"column":null}},"290":{"start":{"line":1012,"column":6},"end":{"line":1014,"column":null}},"291":{"start":{"line":1017,"column":4},"end":{"line":1021,"column":null}},"292":{"start":{"line":1018,"column":6},"end":{"line":1020,"column":null}},"293":{"start":{"line":1023,"column":4},"end":{"line":1027,"column":null}},"294":{"start":{"line":1024,"column":6},"end":{"line":1026,"column":null}},"295":{"start":{"line":1029,"column":4},"end":{"line":1033,"column":null}},"296":{"start":{"line":1030,"column":6},"end":{"line":1032,"column":null}},"297":{"start":{"line":1035,"column":4},"end":{"line":1037,"column":null}},"298":{"start":{"line":1036,"column":6},"end":{"line":1036,"column":null}},"299":{"start":{"line":1040,"column":4},"end":{"line":1042,"column":null}},"300":{"start":{"line":1041,"column":6},"end":{"line":1041,"column":null}},"301":{"start":{"line":1044,"column":4},"end":{"line":1207,"column":null}},"302":{"start":{"line":1045,"column":26},"end":{"line":1045,"column":null}},"303":{"start":{"line":1046,"column":6},"end":{"line":1058,"column":null}},"304":{"start":{"line":1047,"column":8},"end":{"line":1057,"column":null}},"305":{"start":{"line":1059,"column":6},"end":{"line":1070,"column":null}},"306":{"start":{"line":1060,"column":8},"end":{"line":1069,"column":null}},"307":{"start":{"line":1071,"column":6},"end":{"line":1081,"column":null}},"308":{"start":{"line":1072,"column":8},"end":{"line":1080,"column":null}},"309":{"start":{"line":1082,"column":6},"end":{"line":1087,"column":null}},"310":{"start":{"line":1083,"column":8},"end":{"line":1086,"column":null}},"311":{"start":{"line":1088,"column":6},"end":{"line":1095,"column":null}},"312":{"start":{"line":1089,"column":8},"end":{"line":1094,"column":null}},"313":{"start":{"line":1096,"column":6},"end":{"line":1109,"column":null}},"314":{"start":{"line":1097,"column":8},"end":{"line":1108,"column":null}},"315":{"start":{"line":1110,"column":6},"end":{"line":1122,"column":null}},"316":{"start":{"line":1111,"column":23},"end":{"line":1111,"column":null}},"317":{"start":{"line":1112,"column":51},"end":{"line":1118,"column":null}},"318":{"start":{"line":1119,"column":8},"end":{"line":1121,"column":null}},"319":{"start":{"line":1123,"column":6},"end":{"line":1150,"column":null}},"320":{"start":{"line":1124,"column":8},"end":{"line":1149,"column":null}},"321":{"start":{"line":1151,"column":6},"end":{"line":1158,"column":null}},"322":{"start":{"line":1152,"column":8},"end":{"line":1157,"column":null}},"323":{"start":{"line":1159,"column":6},"end":{"line":1177,"column":null}},"324":{"start":{"line":1160,"column":8},"end":{"line":1176,"column":null}},"325":{"start":{"line":1178,"column":6},"end":{"line":1199,"column":null}},"326":{"start":{"line":1179,"column":8},"end":{"line":1198,"column":null}},"327":{"start":{"line":1201,"column":6},"end":{"line":1206,"column":null}},"328":{"start":{"line":1210,"column":14},"end":{"line":1210,"column":null}},"329":{"start":{"line":1211,"column":2},"end":{"line":1211,"column":null}},"330":{"start":{"line":1213,"column":36},"end":{"line":1218,"column":null}},"331":{"start":{"line":1220,"column":2},"end":{"line":1223,"column":null}},"332":{"start":{"line":1221,"column":4},"end":{"line":1221,"column":null}},"333":{"start":{"line":1222,"column":4},"end":{"line":1222,"column":null}},"334":{"start":{"line":1227,"column":2},"end":{"line":1238,"column":null}},"335":{"start":{"line":1228,"column":4},"end":{"line":1228,"column":null}},"336":{"start":{"line":1229,"column":4},"end":{"line":1229,"column":null}},"337":{"start":{"line":1231,"column":4},"end":{"line":1236,"column":null}},"338":{"start":{"line":1232,"column":6},"end":{"line":1232,"column":null}},"339":{"start":{"line":1233,"column":18},"end":{"line":1233,"column":null}},"340":{"start":{"line":1234,"column":6},"end":{"line":1234,"column":null}},"341":{"start":{"line":1235,"column":6},"end":{"line":1235,"column":null}},"342":{"start":{"line":1237,"column":4},"end":{"line":1237,"column":null}},"343":{"start":{"line":1240,"column":19},"end":{"line":1240,"column":null}},"344":{"start":{"line":1241,"column":2},"end":{"line":1275,"column":null}},"345":{"start":{"line":1242,"column":17},"end":{"line":1242,"column":null}},"346":{"start":{"line":1243,"column":20},"end":{"line":1243,"column":null}},"347":{"start":{"line":1244,"column":17},"end":{"line":1244,"column":null}},"348":{"start":{"line":1245,"column":20},"end":{"line":1245,"column":null}},"349":{"start":{"line":1246,"column":4},"end":{"line":1253,"column":null}},"350":{"start":{"line":1255,"column":4},"end":{"line":1255,"column":null}},"351":{"start":{"line":1256,"column":4},"end":{"line":1258,"column":null}},"352":{"start":{"line":1257,"column":6},"end":{"line":1257,"column":null}},"353":{"start":{"line":1259,"column":16},"end":{"line":1259,"column":null}},"354":{"start":{"line":1260,"column":4},"end":{"line":1260,"column":null}},"355":{"start":{"line":1261,"column":4},"end":{"line":1261,"column":null}},"356":{"start":{"line":1262,"column":4},"end":{"line":1262,"column":null}},"357":{"start":{"line":1263,"column":4},"end":{"line":1263,"column":null}},"358":{"start":{"line":1264,"column":4},"end":{"line":1264,"column":null}},"359":{"start":{"line":1265,"column":4},"end":{"line":1265,"column":null}},"360":{"start":{"line":1267,"column":4},"end":{"line":1273,"column":null}},"361":{"start":{"line":1268,"column":17},"end":{"line":1268,"column":null}},"362":{"start":{"line":1269,"column":6},"end":{"line":1272,"column":null}},"363":{"start":{"line":1270,"column":23},"end":{"line":1270,"column":null}},"364":{"start":{"line":1271,"column":8},"end":{"line":1271,"column":null}},"365":{"start":{"line":1274,"column":4},"end":{"line":1274,"column":null}},"366":{"start":{"line":1277,"column":2},"end":{"line":1277,"column":null}},"367":{"start":{"line":1304,"column":19},"end":{"line":1304,"column":null}},"368":{"start":{"line":1305,"column":2},"end":{"line":1307,"column":null}},"369":{"start":{"line":1306,"column":4},"end":{"line":1306,"column":null}},"370":{"start":{"line":1309,"column":15},"end":{"line":1309,"column":null}},"371":{"start":{"line":1310,"column":17},"end":{"line":1326,"column":null}},"372":{"start":{"line":1327,"column":20},"end":{"line":1327,"column":null}},"373":{"start":{"line":1329,"column":17},"end":{"line":1329,"column":null}},"374":{"start":{"line":1331,"column":2},"end":{"line":1333,"column":null}},"375":{"start":{"line":1332,"column":4},"end":{"line":1332,"column":null}},"376":{"start":{"line":1335,"column":2},"end":{"line":1337,"column":null}},"377":{"start":{"line":1336,"column":4},"end":{"line":1336,"column":null}},"378":{"start":{"line":1339,"column":2},"end":{"line":1339,"column":null}},"379":{"start":{"line":1395,"column":17},"end":{"line":1395,"column":null}},"380":{"start":{"line":1396,"column":19},"end":{"line":1399,"column":null}},"381":{"start":{"line":1400,"column":2},"end":{"line":1400,"column":null}},"382":{"start":{"line":1418,"column":17},"end":{"line":1418,"column":null}},"383":{"start":{"line":1419,"column":20},"end":{"line":1419,"column":null}},"384":{"start":{"line":1420,"column":19},"end":{"line":1423,"column":null}},"385":{"start":{"line":1424,"column":2},"end":{"line":1424,"column":null}},"386":{"start":{"line":1436,"column":14},"end":{"line":1436,"column":null}},"387":{"start":{"line":1437,"column":2},"end":{"line":1437,"column":null}},"388":{"start":{"line":1437,"column":12},"end":{"line":1437,"column":null}},"389":{"start":{"line":1438,"column":2},"end":{"line":1438,"column":null}},"390":{"start":{"line":1438,"column":29},"end":{"line":1438,"column":null}},"391":{"start":{"line":1439,"column":2},"end":{"line":1439,"column":null}},"392":{"start":{"line":1439,"column":57},"end":{"line":1439,"column":null}},"393":{"start":{"line":1440,"column":2},"end":{"line":1440,"column":null}},"394":{"start":{"line":1440,"column":54},"end":{"line":1440,"column":null}},"395":{"start":{"line":1441,"column":2},"end":{"line":1441,"column":null}},"396":{"start":{"line":1441,"column":28},"end":{"line":1441,"column":null}},"397":{"start":{"line":1442,"column":2},"end":{"line":1442,"column":null}},"398":{"start":{"line":1455,"column":27},"end":{"line":1455,"column":null}},"399":{"start":{"line":1457,"column":40},"end":{"line":1471,"column":null}},"400":{"start":{"line":1473,"column":2},"end":{"line":1475,"column":null}},"401":{"start":{"line":1474,"column":4},"end":{"line":1474,"column":null}},"402":{"start":{"line":1477,"column":19},"end":{"line":1484,"column":null}},"403":{"start":{"line":1486,"column":2},"end":{"line":1488,"column":null}},"404":{"start":{"line":1487,"column":4},"end":{"line":1487,"column":null}},"405":{"start":{"line":1490,"column":2},"end":{"line":1490,"column":null}},"406":{"start":{"line":1507,"column":2},"end":{"line":1507,"column":null}},"407":{"start":{"line":1507,"column":15},"end":{"line":1507,"column":null}},"408":{"start":{"line":1508,"column":18},"end":{"line":1508,"column":null}},"409":{"start":{"line":1509,"column":2},"end":{"line":1509,"column":null}},"410":{"start":{"line":1517,"column":15},"end":{"line":1517,"column":null}},"411":{"start":{"line":1518,"column":19},"end":{"line":1518,"column":null}},"412":{"start":{"line":1519,"column":2},"end":{"line":1521,"column":null}},"413":{"start":{"line":1520,"column":22},"end":{"line":1520,"column":72}},"414":{"start":{"line":1521,"column":20},"end":{"line":1521,"column":71}},"415":{"start":{"line":1530,"column":19},"end":{"line":1537,"column":null}},"416":{"start":{"line":1539,"column":20},"end":{"line":1539,"column":null}},"417":{"start":{"line":1540,"column":2},"end":{"line":1542,"column":null}},"418":{"start":{"line":1541,"column":4},"end":{"line":1541,"column":null}},"419":{"start":{"line":1546,"column":2},"end":{"line":1546,"column":null}},"420":{"start":{"line":1562,"column":15},"end":{"line":1562,"column":null}},"421":{"start":{"line":1563,"column":19},"end":{"line":1563,"column":null}},"422":{"start":{"line":1564,"column":2},"end":{"line":1564,"column":null}},"423":{"start":{"line":1564,"column":48},"end":{"line":1564,"column":68}}},"fnMap":{"0":{"name":"requireEnv","decl":{"start":{"line":7,"column":9},"end":{"line":7,"column":20}},"loc":{"start":{"line":7,"column":42},"end":{"line":11,"column":null}},"line":7},"1":{"name":"decryptAccessToken","decl":{"start":{"line":16,"column":16},"end":{"line":16,"column":35}},"loc":{"start":{"line":16,"column":67},"end":{"line":41,"column":null}},"line":16},"2":{"name":"encryptAccessToken","decl":{"start":{"line":43,"column":16},"end":{"line":43,"column":35}},"loc":{"start":{"line":43,"column":58},"end":{"line":52,"column":null}},"line":43},"3":{"name":"mapMetaErrorMessage","decl":{"start":{"line":94,"column":9},"end":{"line":94,"column":29}},"loc":{"start":{"line":94,"column":85},"end":{"line":107,"column":null}},"line":94},"4":{"name":"parseMetaResponse","decl":{"start":{"line":109,"column":15},"end":{"line":109,"column":36}},"loc":{"start":{"line":109,"column":93},"end":{"line":123,"column":null}},"line":109},"5":{"name":"exchangeCodeForToken","decl":{"start":{"line":125,"column":22},"end":{"line":125,"column":43}},"loc":{"start":{"line":130,"column":31},"end":{"line":139,"column":null}},"line":130},"6":{"name":"exchangeForLongLivedToken","decl":{"start":{"line":141,"column":22},"end":{"line":141,"column":48}},"loc":{"start":{"line":145,"column":31},"end":{"line":157,"column":null}},"line":145},"7":{"name":"getUserBusinesses","decl":{"start":{"line":159,"column":22},"end":{"line":159,"column":40}},"loc":{"start":{"line":159,"column":86},"end":{"line":171,"column":null}},"line":159},"8":{"name":"getBusinessAdAccounts","decl":{"start":{"line":173,"column":22},"end":{"line":173,"column":44}},"loc":{"start":{"line":173,"column":111},"end":{"line":185,"column":null}},"line":173},"9":{"name":"getBusinessOwnedPages","decl":{"start":{"line":199,"column":22},"end":{"line":199,"column":44}},"loc":{"start":{"line":199,"column":111},"end":{"line":216,"column":null}},"line":199},"10":{"name":"(anonymous_10)","decl":{"start":{"line":210,"column":30},"end":{"line":210,"column":35}},"loc":{"start":{"line":210,"column":45},"end":{"line":215,"column":4}},"line":210},"11":{"name":"getPersonalAdAccounts","decl":{"start":{"line":218,"column":15},"end":{"line":218,"column":37}},"loc":{"start":{"line":218,"column":84},"end":{"line":230,"column":null}},"line":218},"12":{"name":"getUserAdAccounts","decl":{"start":{"line":243,"column":22},"end":{"line":243,"column":40}},"loc":{"start":{"line":243,"column":92},"end":{"line":283,"column":null}},"line":243},"13":{"name":"(anonymous_13)","decl":{"start":{"line":252,"column":19},"end":{"line":252,"column":26}},"loc":{"start":{"line":252,"column":40},"end":{"line":255,"column":6}},"line":252},"14":{"name":"getInstagramBusinessAccountId","decl":{"start":{"line":310,"column":22},"end":{"line":310,"column":52}},"loc":{"start":{"line":310,"column":90},"end":{"line":328,"column":null}},"line":310},"15":{"name":"(anonymous_15)","decl":{"start":{"line":316,"column":41},"end":{"line":316,"column":47}},"loc":{"start":{"line":316,"column":56},"end":{"line":316,"column":91}},"line":316},"16":{"name":"getInstagramMedia","decl":{"start":{"line":331,"column":22},"end":{"line":331,"column":40}},"loc":{"start":{"line":331,"column":110},"end":{"line":338,"column":null}},"line":331},"17":{"name":"getInstagramMediaInsights","decl":{"start":{"line":361,"column":22},"end":{"line":361,"column":null}},"loc":{"start":{"line":365,"column":35},"end":{"line":393,"column":null}},"line":365},"18":{"name":"getInstagramAccountInsights","decl":{"start":{"line":410,"column":22},"end":{"line":410,"column":null}},"loc":{"start":{"line":415,"column":37},"end":{"line":449,"column":null}},"line":415},"19":{"name":"getUserFacebookPages","decl":{"start":{"line":472,"column":22},"end":{"line":472,"column":null}},"loc":{"start":{"line":475,"column":31},"end":{"line":490,"column":null}},"line":475},"20":{"name":"(anonymous_20)","decl":{"start":{"line":482,"column":31},"end":{"line":482,"column":36}},"loc":{"start":{"line":482,"column":46},"end":{"line":489,"column":4}},"line":482},"21":{"name":"normalizeWhatsappPhone","decl":{"start":{"line":552,"column":9},"end":{"line":552,"column":32}},"loc":{"start":{"line":552,"column":55},"end":{"line":554,"column":null}},"line":552},"22":{"name":"isSyntheticWhatsappId","decl":{"start":{"line":556,"column":9},"end":{"line":556,"column":31}},"loc":{"start":{"line":556,"column":63},"end":{"line":558,"column":null}},"line":556},"23":{"name":"mapWabaPhoneNumber","decl":{"start":{"line":560,"column":9},"end":{"line":560,"column":28}},"loc":{"start":{"line":560,"column":73},"end":{"line":567,"column":null}},"line":560},"24":{"name":"mergeWhatsappNumbers","decl":{"start":{"line":569,"column":9},"end":{"line":569,"column":null}},"loc":{"start":{"line":572,"column":8},"end":{"line":583,"column":null}},"line":572},"25":{"name":"mapNestedWabaPhones","decl":{"start":{"line":585,"column":9},"end":{"line":585,"column":null}},"loc":{"start":{"line":588,"column":31},"end":{"line":599,"column":null}},"line":588},"26":{"name":"(anonymous_26)","decl":{"start":{"line":594,"column":5},"end":{"line":594,"column":13}},"loc":{"start":{"line":594,"column":21},"end":{"line":594,"column":78}},"line":594},"27":{"name":"(anonymous_27)","decl":{"start":{"line":595,"column":5},"end":{"line":595,"column":10}},"loc":{"start":{"line":595,"column":19},"end":{"line":598,"column":6}},"line":595},"28":{"name":"mapPageDirectWhatsappNumber","decl":{"start":{"line":601,"column":9},"end":{"line":601,"column":null}},"loc":{"start":{"line":605,"column":29},"end":{"line":613,"column":null}},"line":605},"29":{"name":"getWabaPhoneNumbers","decl":{"start":{"line":615,"column":15},"end":{"line":615,"column":35}},"loc":{"start":{"line":615,"column":103},"end":{"line":624,"column":null}},"line":615},"30":{"name":"(anonymous_30)","decl":{"start":{"line":622,"column":5},"end":{"line":622,"column":13}},"loc":{"start":{"line":622,"column":24},"end":{"line":622,"column":90}},"line":622},"31":{"name":"getPageWabaPhones","decl":{"start":{"line":627,"column":15},"end":{"line":627,"column":null}},"loc":{"start":{"line":631,"column":40},"end":{"line":646,"column":null}},"line":631},"32":{"name":"getBusinessWhatsappNumbersFromEdge","decl":{"start":{"line":648,"column":15},"end":{"line":648,"column":null}},"loc":{"start":{"line":652,"column":40},"end":{"line":694,"column":null}},"line":652},"33":{"name":"(anonymous_33)","decl":{"start":{"line":676,"column":31},"end":{"line":676,"column":38}},"loc":{"start":{"line":676,"column":49},"end":{"line":679,"column":5}},"line":676},"34":{"name":"(anonymous_34)","decl":{"start":{"line":678,"column":18},"end":{"line":678,"column":23}},"loc":{"start":{"line":678,"column":35},"end":{"line":678,"column":61}},"line":678},"35":{"name":"getBusinessWhatsappNumbers","decl":{"start":{"line":699,"column":22},"end":{"line":699,"column":null}},"loc":{"start":{"line":702,"column":33},"end":{"line":718,"column":null}},"line":702},"36":{"name":"getUserAccountWhatsappNumbers","decl":{"start":{"line":720,"column":15},"end":{"line":720,"column":null}},"loc":{"start":{"line":723,"column":40},"end":{"line":746,"column":null}},"line":723},"37":{"name":"getBusinessPagesWhatsappNumbers","decl":{"start":{"line":748,"column":15},"end":{"line":748,"column":null}},"loc":{"start":{"line":752,"column":40},"end":{"line":779,"column":null}},"line":752},"38":{"name":"getWhatsappNumbersForAssets","decl":{"start":{"line":784,"column":22},"end":{"line":784,"column":null}},"loc":{"start":{"line":787,"column":40},"end":{"line":853,"column":null}},"line":787},"39":{"name":"(anonymous_39)","decl":{"start":{"line":791,"column":16},"end":{"line":791,"column":21}},"loc":{"start":{"line":791,"column":36},"end":{"line":791,"column":87}},"line":791},"40":{"name":"(anonymous_40)","decl":{"start":{"line":800,"column":21},"end":{"line":800,"column":26}},"loc":{"start":{"line":800,"column":38},"end":{"line":800,"column":64}},"line":800},"41":{"name":"(anonymous_41)","decl":{"start":{"line":811,"column":16},"end":{"line":811,"column":21}},"loc":{"start":{"line":812,"column":6},"end":{"line":816,"column":null}},"line":812},"42":{"name":"(anonymous_42)","decl":{"start":{"line":837,"column":14},"end":{"line":837,"column":19}},"loc":{"start":{"line":837,"column":30},"end":{"line":837,"column":73}},"line":837},"43":{"name":"(anonymous_43)","decl":{"start":{"line":846,"column":23},"end":{"line":846,"column":28}},"loc":{"start":{"line":846,"column":40},"end":{"line":846,"column":62}},"line":846},"44":{"name":"getPageWhatsappNumbers","decl":{"start":{"line":859,"column":22},"end":{"line":859,"column":null}},"loc":{"start":{"line":862,"column":33},"end":{"line":903,"column":null}},"line":862},"45":{"name":"getUserPermissions","decl":{"start":{"line":910,"column":22},"end":{"line":910,"column":41}},"loc":{"start":{"line":910,"column":81},"end":{"line":916,"column":null}},"line":910},"46":{"name":"(anonymous_46)","decl":{"start":{"line":914,"column":5},"end":{"line":914,"column":13}},"loc":{"start":{"line":914,"column":28},"end":{"line":914,"column":59}},"line":914},"47":{"name":"(anonymous_47)","decl":{"start":{"line":915,"column":5},"end":{"line":915,"column":10}},"loc":{"start":{"line":915,"column":25},"end":{"line":915,"column":46}},"line":915},"48":{"name":"getMetaUserId","decl":{"start":{"line":918,"column":22},"end":{"line":918,"column":36}},"loc":{"start":{"line":918,"column":74},"end":{"line":934,"column":null}},"line":918},"49":{"name":"metaApiCall","decl":{"start":{"line":992,"column":22},"end":{"line":992,"column":null}},"loc":{"start":{"line":999,"column":14},"end":{"line":1278,"column":null}},"line":999},"50":{"name":"getMetaInsights","decl":{"start":{"line":1292,"column":22},"end":{"line":1292,"column":38}},"loc":{"start":{"line":1303,"column":34},"end":{"line":1340,"column":null}},"line":1303},"51":{"name":"getCampaignAds","decl":{"start":{"line":1394,"column":22},"end":{"line":1394,"column":37}},"loc":{"start":{"line":1394,"column":105},"end":{"line":1401,"column":null}},"line":1394},"52":{"name":"getCampaignAdCreatives","decl":{"start":{"line":1413,"column":22},"end":{"line":1413,"column":null}},"loc":{"start":{"line":1417,"column":29},"end":{"line":1425,"column":null}},"line":1417},"53":{"name":"mapCtaToMetaType","decl":{"start":{"line":1435,"column":9},"end":{"line":1435,"column":26}},"loc":{"start":{"line":1435,"column":50},"end":{"line":1443,"column":null}},"line":1435},"54":{"name":"createAdCreativeFromCopy","decl":{"start":{"line":1445,"column":22},"end":{"line":1445,"column":47}},"loc":{"start":{"line":1454,"column":20},"end":{"line":1491,"column":null}},"line":1454},"55":{"name":"cleanRegionLabel","decl":{"start":{"line":1506,"column":9},"end":{"line":1506,"column":26}},"loc":{"start":{"line":1506,"column":63},"end":{"line":1510,"column":null}},"line":1506},"56":{"name":"searchMetaCityLocations","decl":{"start":{"line":1513,"column":22},"end":{"line":1513,"column":46}},"loc":{"start":{"line":1513,"column":113},"end":{"line":1522,"column":null}},"line":1513},"57":{"name":"(anonymous_57)","decl":{"start":{"line":1520,"column":5},"end":{"line":1520,"column":13}},"loc":{"start":{"line":1520,"column":22},"end":{"line":1520,"column":72}},"line":1520},"58":{"name":"(anonymous_58)","decl":{"start":{"line":1521,"column":5},"end":{"line":1521,"column":10}},"loc":{"start":{"line":1521,"column":20},"end":{"line":1521,"column":71}},"line":1521},"59":{"name":"uploadAdImage","decl":{"start":{"line":1524,"column":22},"end":{"line":1524,"column":36}},"loc":{"start":{"line":1529,"column":20},"end":{"line":1547,"column":null}},"line":1529},"60":{"name":"searchMetaInterests","decl":{"start":{"line":1561,"column":22},"end":{"line":1561,"column":42}},"loc":{"start":{"line":1561,"column":109},"end":{"line":1565,"column":null}},"line":1561},"61":{"name":"(anonymous_61)","decl":{"start":{"line":1564,"column":31},"end":{"line":1564,"column":39}},"loc":{"start":{"line":1564,"column":48},"end":{"line":1564,"column":68}},"line":1564}},"branchMap":{"0":{"loc":{"start":{"line":9,"column":2},"end":{"line":9,"column":null}},"type":"if","locations":[{"start":{"line":9,"column":2},"end":{"line":9,"column":null}},{"start":{},"end":{}}],"line":9},"1":{"loc":{"start":{"line":18,"column":4},"end":{"line":20,"column":null}},"type":"if","locations":[{"start":{"line":18,"column":4},"end":{"line":20,"column":null}},{"start":{},"end":{}}],"line":18},"2":{"loc":{"start":{"line":23,"column":4},"end":{"line":25,"column":null}},"type":"if","locations":[{"start":{"line":23,"column":4},"end":{"line":25,"column":null}},{"start":{},"end":{}}],"line":23},"3":{"loc":{"start":{"line":23,"column":8},"end":{"line":23,"column":33}},"type":"binary-expr","locations":[{"start":{"line":23,"column":8},"end":{"line":23,"column":18}},{"start":{"line":23,"column":18},"end":{"line":23,"column":33}}],"line":23},"4":{"loc":{"start":{"line":38,"column":4},"end":{"line":38,"column":null}},"type":"if","locations":[{"start":{"line":38,"column":4},"end":{"line":38,"column":null}},{"start":{},"end":{}}],"line":38},"5":{"loc":{"start":{"line":98,"column":2},"end":{"line":100,"column":null}},"type":"if","locations":[{"start":{"line":98,"column":2},"end":{"line":100,"column":null}},{"start":{},"end":{}}],"line":98},"6":{"loc":{"start":{"line":102,"column":2},"end":{"line":104,"column":null}},"type":"if","locations":[{"start":{"line":102,"column":2},"end":{"line":104,"column":null}},{"start":{},"end":{}}],"line":102},"7":{"loc":{"start":{"line":102,"column":6},"end":{"line":102,"column":35}},"type":"binary-expr","locations":[{"start":{"line":102,"column":6},"end":{"line":102,"column":22}},{"start":{"line":102,"column":22},"end":{"line":102,"column":35}}],"line":102},"8":{"loc":{"start":{"line":106,"column":9},"end":{"line":106,"column":null}},"type":"binary-expr","locations":[{"start":{"line":106,"column":9},"end":{"line":106,"column":20}},{"start":{"line":106,"column":20},"end":{"line":106,"column":null}}],"line":106},"9":{"loc":{"start":{"line":112,"column":18},"end":{"line":112,"column":null}},"type":"cond-expr","locations":[{"start":{"line":112,"column":29},"end":{"line":112,"column":66}},{"start":{"line":112,"column":66},"end":{"line":112,"column":null}}],"line":112},"10":{"loc":{"start":{"line":114,"column":2},"end":{"line":120,"column":null}},"type":"if","locations":[{"start":{"line":114,"column":2},"end":{"line":120,"column":null}},{"start":{},"end":{}}],"line":114},"11":{"loc":{"start":{"line":115,"column":41},"end":{"line":115,"column":80}},"type":"binary-expr","locations":[{"start":{"line":115,"column":41},"end":{"line":115,"column":52}},{"start":{"line":115,"column":52},"end":{"line":115,"column":80}}],"line":115},"12":{"loc":{"start":{"line":122,"column":10},"end":{"line":122,"column":null}},"type":"binary-expr","locations":[{"start":{"line":122,"column":10},"end":{"line":122,"column":21}},{"start":{"line":122,"column":21},"end":{"line":122,"column":null}}],"line":122},"13":{"loc":{"start":{"line":170,"column":9},"end":{"line":170,"column":null}},"type":"binary-expr","locations":[{"start":{"line":170,"column":9},"end":{"line":170,"column":25}},{"start":{"line":170,"column":25},"end":{"line":170,"column":null}}],"line":170},"14":{"loc":{"start":{"line":184,"column":9},"end":{"line":184,"column":null}},"type":"binary-expr","locations":[{"start":{"line":184,"column":9},"end":{"line":184,"column":25}},{"start":{"line":184,"column":25},"end":{"line":184,"column":null}}],"line":184},"15":{"loc":{"start":{"line":210,"column":10},"end":{"line":210,"column":28}},"type":"binary-expr","locations":[{"start":{"line":210,"column":10},"end":{"line":210,"column":26}},{"start":{"line":210,"column":26},"end":{"line":210,"column":28}}],"line":210},"16":{"loc":{"start":{"line":212,"column":10},"end":{"line":212,"column":null}},"type":"binary-expr","locations":[{"start":{"line":212,"column":10},"end":{"line":212,"column":23}},{"start":{"line":212,"column":23},"end":{"line":212,"column":null}}],"line":212},"17":{"loc":{"start":{"line":229,"column":9},"end":{"line":229,"column":null}},"type":"binary-expr","locations":[{"start":{"line":229,"column":9},"end":{"line":229,"column":25}},{"start":{"line":229,"column":25},"end":{"line":229,"column":null}}],"line":229},"18":{"loc":{"start":{"line":246,"column":2},"end":{"line":249,"column":null}},"type":"if","locations":[{"start":{"line":246,"column":2},"end":{"line":249,"column":null}},{"start":{},"end":{}}],"line":246},"19":{"loc":{"start":{"line":264,"column":23},"end":{"line":264,"column":null}},"type":"binary-expr","locations":[{"start":{"line":264,"column":23},"end":{"line":264,"column":44}},{"start":{"line":264,"column":44},"end":{"line":264,"column":null}}],"line":264},"20":{"loc":{"start":{"line":266,"column":4},"end":{"line":279,"column":null}},"type":"if","locations":[{"start":{"line":266,"column":4},"end":{"line":279,"column":null}},{"start":{"line":273,"column":11},"end":{"line":279,"column":null}}],"line":266},"21":{"loc":{"start":{"line":268,"column":8},"end":{"line":271,"column":null}},"type":"if","locations":[{"start":{"line":268,"column":8},"end":{"line":271,"column":null}},{"start":{},"end":{}}],"line":268},"22":{"loc":{"start":{"line":277,"column":8},"end":{"line":277,"column":null}},"type":"cond-expr","locations":[{"start":{"line":277,"column":41},"end":{"line":277,"column":65}},{"start":{"line":277,"column":65},"end":{"line":277,"column":null}}],"line":277},"23":{"loc":{"start":{"line":316,"column":20},"end":{"line":316,"column":39}},"type":"binary-expr","locations":[{"start":{"line":316,"column":20},"end":{"line":316,"column":37}},{"start":{"line":316,"column":37},"end":{"line":316,"column":39}}],"line":316},"24":{"loc":{"start":{"line":319,"column":2},"end":{"line":325,"column":null}},"type":"if","locations":[{"start":{"line":319,"column":2},"end":{"line":325,"column":null}},{"start":{},"end":{}}],"line":319},"25":{"loc":{"start":{"line":337,"column":9},"end":{"line":337,"column":null}},"type":"binary-expr","locations":[{"start":{"line":337,"column":9},"end":{"line":337,"column":26}},{"start":{"line":337,"column":26},"end":{"line":337,"column":null}}],"line":337},"26":{"loc":{"start":{"line":368,"column":22},"end":{"line":368,"column":null}},"type":"cond-expr","locations":[{"start":{"line":368,"column":53},"end":{"line":368,"column":63}},{"start":{"line":368,"column":63},"end":{"line":368,"column":null}}],"line":368},"27":{"loc":{"start":{"line":378,"column":25},"end":{"line":378,"column":46}},"type":"binary-expr","locations":[{"start":{"line":378,"column":25},"end":{"line":378,"column":42}},{"start":{"line":378,"column":42},"end":{"line":378,"column":46}}],"line":378},"28":{"loc":{"start":{"line":380,"column":8},"end":{"line":382,"column":null}},"type":"if","locations":[{"start":{"line":380,"column":8},"end":{"line":382,"column":null}},{"start":{},"end":{}}],"line":380},"29":{"loc":{"start":{"line":381,"column":28},"end":{"line":381,"column":null}},"type":"binary-expr","locations":[{"start":{"line":381,"column":28},"end":{"line":381,"column":55}},{"start":{"line":381,"column":55},"end":{"line":381,"column":null}}],"line":381},"30":{"loc":{"start":{"line":424,"column":23},"end":{"line":424,"column":42}},"type":"binary-expr","locations":[{"start":{"line":424,"column":23},"end":{"line":424,"column":38}},{"start":{"line":424,"column":38},"end":{"line":424,"column":42}}],"line":424},"31":{"loc":{"start":{"line":425,"column":6},"end":{"line":425,"column":null}},"type":"if","locations":[{"start":{"line":425,"column":6},"end":{"line":425,"column":null}},{"start":{},"end":{}}],"line":425},"32":{"loc":{"start":{"line":425,"column":56},"end":{"line":425,"column":null}},"type":"binary-expr","locations":[{"start":{"line":425,"column":56},"end":{"line":425,"column":83}},{"start":{"line":425,"column":83},"end":{"line":425,"column":null}}],"line":425},"33":{"loc":{"start":{"line":426,"column":6},"end":{"line":426,"column":null}},"type":"if","locations":[{"start":{"line":426,"column":6},"end":{"line":426,"column":null}},{"start":{},"end":{}}],"line":426},"34":{"loc":{"start":{"line":426,"column":50},"end":{"line":426,"column":null}},"type":"binary-expr","locations":[{"start":{"line":426,"column":50},"end":{"line":426,"column":77}},{"start":{"line":426,"column":77},"end":{"line":426,"column":null}}],"line":426},"35":{"loc":{"start":{"line":438,"column":19},"end":{"line":438,"column":null}},"type":"binary-expr","locations":[{"start":{"line":438,"column":19},"end":{"line":438,"column":50}},{"start":{"line":438,"column":50},"end":{"line":438,"column":null}}],"line":438},"36":{"loc":{"start":{"line":439,"column":4},"end":{"line":443,"column":null}},"type":"if","locations":[{"start":{"line":439,"column":4},"end":{"line":443,"column":null}},{"start":{},"end":{}}],"line":439},"37":{"loc":{"start":{"line":440,"column":20},"end":{"line":440,"column":null}},"type":"binary-expr","locations":[{"start":{"line":440,"column":20},"end":{"line":440,"column":40}},{"start":{"line":440,"column":40},"end":{"line":440,"column":null}}],"line":440},"38":{"loc":{"start":{"line":441,"column":19},"end":{"line":441,"column":null}},"type":"binary-expr","locations":[{"start":{"line":441,"column":19},"end":{"line":441,"column":55}},{"start":{"line":441,"column":55},"end":{"line":441,"column":null}}],"line":441},"39":{"loc":{"start":{"line":476,"column":24},"end":{"line":476,"column":null}},"type":"cond-expr","locations":[{"start":{"line":476,"column":48},"end":{"line":476,"column":79}},{"start":{"line":476,"column":79},"end":{"line":476,"column":null}}],"line":476},"40":{"loc":{"start":{"line":482,"column":10},"end":{"line":482,"column":29}},"type":"binary-expr","locations":[{"start":{"line":482,"column":10},"end":{"line":482,"column":27}},{"start":{"line":482,"column":27},"end":{"line":482,"column":29}}],"line":482},"41":{"loc":{"start":{"line":484,"column":10},"end":{"line":484,"column":null}},"type":"binary-expr","locations":[{"start":{"line":484,"column":10},"end":{"line":484,"column":23}},{"start":{"line":484,"column":23},"end":{"line":484,"column":null}}],"line":484},"42":{"loc":{"start":{"line":487,"column":21},"end":{"line":487,"column":null}},"type":"binary-expr","locations":[{"start":{"line":487,"column":21},"end":{"line":487,"column":60}},{"start":{"line":487,"column":60},"end":{"line":487,"column":null}}],"line":487},"43":{"loc":{"start":{"line":488,"column":23},"end":{"line":488,"column":null}},"type":"binary-expr","locations":[{"start":{"line":488,"column":23},"end":{"line":488,"column":68}},{"start":{"line":488,"column":68},"end":{"line":488,"column":null}}],"line":488},"44":{"loc":{"start":{"line":563,"column":24},"end":{"line":563,"column":null}},"type":"binary-expr","locations":[{"start":{"line":563,"column":24},"end":{"line":563,"column":52}},{"start":{"line":563,"column":52},"end":{"line":563,"column":null}}],"line":563},"45":{"loc":{"start":{"line":564,"column":18},"end":{"line":564,"column":null}},"type":"binary-expr","locations":[{"start":{"line":564,"column":18},"end":{"line":564,"column":39}},{"start":{"line":564,"column":39},"end":{"line":564,"column":null}}],"line":564},"46":{"loc":{"start":{"line":574,"column":16},"end":{"line":574,"column":null}},"type":"binary-expr","locations":[{"start":{"line":574,"column":16},"end":{"line":574,"column":69}},{"start":{"line":574,"column":69},"end":{"line":574,"column":null}}],"line":574},"47":{"loc":{"start":{"line":576,"column":4},"end":{"line":581,"column":null}},"type":"if","locations":[{"start":{"line":576,"column":4},"end":{"line":581,"column":null}},{"start":{},"end":{}}],"line":576},"48":{"loc":{"start":{"line":577,"column":6},"end":{"line":578,"column":null}},"type":"binary-expr","locations":[{"start":{"line":577,"column":6},"end":{"line":577,"column":null}},{"start":{"line":578,"column":7},"end":{"line":578,"column":56}},{"start":{"line":578,"column":56},"end":{"line":578,"column":null}}],"line":577},"49":{"loc":{"start":{"line":589,"column":2},"end":{"line":591,"column":null}},"type":"if","locations":[{"start":{"line":589,"column":2},"end":{"line":591,"column":null}},{"start":{},"end":{}}],"line":589},"50":{"loc":{"start":{"line":594,"column":21},"end":{"line":594,"column":78}},"type":"binary-expr","locations":[{"start":{"line":594,"column":21},"end":{"line":594,"column":32}},{"start":{"line":594,"column":32},"end":{"line":594,"column":60}},{"start":{"line":594,"column":60},"end":{"line":594,"column":78}}],"line":594},"51":{"loc":{"start":{"line":609,"column":18},"end":{"line":609,"column":null}},"type":"binary-expr","locations":[{"start":{"line":609,"column":18},"end":{"line":609,"column":30}},{"start":{"line":609,"column":30},"end":{"line":609,"column":null}}],"line":609},"52":{"loc":{"start":{"line":621,"column":10},"end":{"line":621,"column":28}},"type":"binary-expr","locations":[{"start":{"line":621,"column":10},"end":{"line":621,"column":26}},{"start":{"line":621,"column":26},"end":{"line":621,"column":28}}],"line":621},"53":{"loc":{"start":{"line":622,"column":24},"end":{"line":622,"column":90}},"type":"binary-expr","locations":[{"start":{"line":622,"column":24},"end":{"line":622,"column":38}},{"start":{"line":622,"column":38},"end":{"line":622,"column":69}},{"start":{"line":622,"column":69},"end":{"line":622,"column":90}}],"line":622},"54":{"loc":{"start":{"line":642,"column":6},"end":{"line":642,"column":null}},"type":"cond-expr","locations":[{"start":{"line":642,"column":29},"end":{"line":642,"column":43}},{"start":{"line":642,"column":43},"end":{"line":642,"column":null}}],"line":642},"55":{"loc":{"start":{"line":666,"column":21},"end":{"line":666,"column":41}},"type":"binary-expr","locations":[{"start":{"line":666,"column":21},"end":{"line":666,"column":37}},{"start":{"line":666,"column":37},"end":{"line":666,"column":41}}],"line":666},"56":{"loc":{"start":{"line":668,"column":4},"end":{"line":672,"column":null}},"type":"if","locations":[{"start":{"line":668,"column":4},"end":{"line":672,"column":null}},{"start":{"line":670,"column":11},"end":{"line":672,"column":null}}],"line":668},"57":{"loc":{"start":{"line":670,"column":11},"end":{"line":672,"column":null}},"type":"if","locations":[{"start":{"line":670,"column":11},"end":{"line":672,"column":null}},{"start":{},"end":{}}],"line":670},"58":{"loc":{"start":{"line":683,"column":4},"end":{"line":690,"column":null}},"type":"if","locations":[{"start":{"line":683,"column":4},"end":{"line":690,"column":null}},{"start":{"line":685,"column":11},"end":{"line":690,"column":null}}],"line":683},"59":{"loc":{"start":{"line":688,"column":8},"end":{"line":688,"column":null}},"type":"cond-expr","locations":[{"start":{"line":688,"column":41},"end":{"line":688,"column":65}},{"start":{"line":688,"column":65},"end":{"line":688,"column":null}}],"line":688},"60":{"loc":{"start":{"line":712,"column":8},"end":{"line":712,"column":null}},"type":"cond-expr","locations":[{"start":{"line":712,"column":31},"end":{"line":712,"column":45}},{"start":{"line":712,"column":45},"end":{"line":712,"column":null}}],"line":712},"61":{"loc":{"start":{"line":730,"column":21},"end":{"line":730,"column":null}},"type":"cond-expr","locations":[{"start":{"line":730,"column":45},"end":{"line":730,"column":70}},{"start":{"line":730,"column":70},"end":{"line":730,"column":null}}],"line":730},"62":{"loc":{"start":{"line":732,"column":21},"end":{"line":732,"column":42}},"type":"binary-expr","locations":[{"start":{"line":732,"column":21},"end":{"line":732,"column":38}},{"start":{"line":732,"column":38},"end":{"line":732,"column":42}}],"line":732},"63":{"loc":{"start":{"line":733,"column":4},"end":{"line":735,"column":null}},"type":"if","locations":[{"start":{"line":733,"column":4},"end":{"line":735,"column":null}},{"start":{},"end":{}}],"line":733},"64":{"loc":{"start":{"line":733,"column":8},"end":{"line":733,"column":48}},"type":"binary-expr","locations":[{"start":{"line":733,"column":8},"end":{"line":733,"column":22}},{"start":{"line":733,"column":22},"end":{"line":733,"column":48}}],"line":733},"65":{"loc":{"start":{"line":737,"column":4},"end":{"line":742,"column":null}},"type":"if","locations":[{"start":{"line":737,"column":4},"end":{"line":742,"column":null}},{"start":{"line":739,"column":11},"end":{"line":742,"column":null}}],"line":737},"66":{"loc":{"start":{"line":740,"column":20},"end":{"line":740,"column":null}},"type":"binary-expr","locations":[{"start":{"line":740,"column":20},"end":{"line":740,"column":41}},{"start":{"line":740,"column":41},"end":{"line":740,"column":null}}],"line":740},"67":{"loc":{"start":{"line":764,"column":21},"end":{"line":764,"column":null}},"type":"cond-expr","locations":[{"start":{"line":764,"column":45},"end":{"line":764,"column":70}},{"start":{"line":764,"column":70},"end":{"line":764,"column":null}}],"line":764},"68":{"loc":{"start":{"line":766,"column":21},"end":{"line":766,"column":41}},"type":"binary-expr","locations":[{"start":{"line":766,"column":21},"end":{"line":766,"column":37}},{"start":{"line":766,"column":37},"end":{"line":766,"column":41}}],"line":766},"69":{"loc":{"start":{"line":767,"column":4},"end":{"line":769,"column":null}},"type":"if","locations":[{"start":{"line":767,"column":4},"end":{"line":769,"column":null}},{"start":{},"end":{}}],"line":767},"70":{"loc":{"start":{"line":767,"column":8},"end":{"line":767,"column":48}},"type":"binary-expr","locations":[{"start":{"line":767,"column":8},"end":{"line":767,"column":22}},{"start":{"line":767,"column":22},"end":{"line":767,"column":48}}],"line":767},"71":{"loc":{"start":{"line":771,"column":4},"end":{"line":775,"column":null}},"type":"if","locations":[{"start":{"line":771,"column":4},"end":{"line":775,"column":null}},{"start":{"line":773,"column":11},"end":{"line":775,"column":null}}],"line":771},"72":{"loc":{"start":{"line":797,"column":4},"end":{"line":807,"column":null}},"type":"if","locations":[{"start":{"line":797,"column":4},"end":{"line":807,"column":null}},{"start":{"line":802,"column":11},"end":{"line":807,"column":null}}],"line":797},"73":{"loc":{"start":{"line":805,"column":8},"end":{"line":805,"column":null}},"type":"cond-expr","locations":[{"start":{"line":805,"column":41},"end":{"line":805,"column":65}},{"start":{"line":805,"column":65},"end":{"line":805,"column":null}}],"line":805},"74":{"loc":{"start":{"line":815,"column":8},"end":{"line":815,"column":null}},"type":"cond-expr","locations":[{"start":{"line":815,"column":29},"end":{"line":815,"column":39}},{"start":{"line":815,"column":39},"end":{"line":815,"column":null}}],"line":815},"75":{"loc":{"start":{"line":821,"column":4},"end":{"line":823,"column":null}},"type":"if","locations":[{"start":{"line":821,"column":4},"end":{"line":823,"column":null}},{"start":{},"end":{}}],"line":821},"76":{"loc":{"start":{"line":826,"column":2},"end":{"line":850,"column":null}},"type":"if","locations":[{"start":{"line":826,"column":2},"end":{"line":850,"column":null}},{"start":{},"end":{}}],"line":826},"77":{"loc":{"start":{"line":832,"column":8},"end":{"line":832,"column":null}},"type":"cond-expr","locations":[{"start":{"line":832,"column":31},"end":{"line":832,"column":45}},{"start":{"line":832,"column":45},"end":{"line":832,"column":null}}],"line":832},"78":{"loc":{"start":{"line":843,"column":6},"end":{"line":848,"column":null}},"type":"if","locations":[{"start":{"line":843,"column":6},"end":{"line":848,"column":null}},{"start":{},"end":{}}],"line":843},"79":{"loc":{"start":{"line":874,"column":4},"end":{"line":877,"column":null}},"type":"if","locations":[{"start":{"line":874,"column":4},"end":{"line":877,"column":null}},{"start":{},"end":{}}],"line":874},"80":{"loc":{"start":{"line":881,"column":6},"end":{"line":881,"column":null}},"type":"cond-expr","locations":[{"start":{"line":881,"column":29},"end":{"line":881,"column":43}},{"start":{"line":881,"column":43},"end":{"line":881,"column":null}}],"line":881},"81":{"loc":{"start":{"line":888,"column":2},"end":{"line":890,"column":null}},"type":"if","locations":[{"start":{"line":888,"column":2},"end":{"line":890,"column":null}},{"start":{},"end":{}}],"line":888},"82":{"loc":{"start":{"line":894,"column":2},"end":{"line":900,"column":null}},"type":"if","locations":[{"start":{"line":894,"column":2},"end":{"line":900,"column":null}},{"start":{},"end":{}}],"line":894},"83":{"loc":{"start":{"line":913,"column":10},"end":{"line":913,"column":29}},"type":"binary-expr","locations":[{"start":{"line":913,"column":10},"end":{"line":913,"column":27}},{"start":{"line":913,"column":27},"end":{"line":913,"column":29}}],"line":913},"84":{"loc":{"start":{"line":929,"column":2},"end":{"line":931,"column":null}},"type":"if","locations":[{"start":{"line":929,"column":2},"end":{"line":931,"column":null}},{"start":{},"end":{}}],"line":929},"85":{"loc":{"start":{"line":1002,"column":19},"end":{"line":1002,"column":null}},"type":"binary-expr","locations":[{"start":{"line":1002,"column":19},"end":{"line":1002,"column":59}},{"start":{"line":1002,"column":59},"end":{"line":1002,"column":null}}],"line":1002},"86":{"loc":{"start":{"line":1004,"column":2},"end":{"line":1208,"column":null}},"type":"if","locations":[{"start":{"line":1004,"column":2},"end":{"line":1208,"column":null}},{"start":{},"end":{}}],"line":1004},"87":{"loc":{"start":{"line":1005,"column":19},"end":{"line":1005,"column":null}},"type":"binary-expr","locations":[{"start":{"line":1005,"column":19},"end":{"line":1005,"column":38}},{"start":{"line":1005,"column":38},"end":{"line":1005,"column":null}}],"line":1005},"88":{"loc":{"start":{"line":1007,"column":4},"end":{"line":1009,"column":null}},"type":"if","locations":[{"start":{"line":1007,"column":4},"end":{"line":1009,"column":null}},{"start":{},"end":{}}],"line":1007},"89":{"loc":{"start":{"line":1007,"column":8},"end":{"line":1007,"column":57}},"type":"binary-expr","locations":[{"start":{"line":1007,"column":8},"end":{"line":1007,"column":29}},{"start":{"line":1007,"column":29},"end":{"line":1007,"column":57}}],"line":1007},"90":{"loc":{"start":{"line":1011,"column":4},"end":{"line":1015,"column":null}},"type":"if","locations":[{"start":{"line":1011,"column":4},"end":{"line":1015,"column":null}},{"start":{},"end":{}}],"line":1011},"91":{"loc":{"start":{"line":1011,"column":8},"end":{"line":1011,"column":58}},"type":"binary-expr","locations":[{"start":{"line":1011,"column":8},"end":{"line":1011,"column":29}},{"start":{"line":1011,"column":29},"end":{"line":1011,"column":58}}],"line":1011},"92":{"loc":{"start":{"line":1017,"column":4},"end":{"line":1021,"column":null}},"type":"if","locations":[{"start":{"line":1017,"column":4},"end":{"line":1021,"column":null}},{"start":{},"end":{}}],"line":1017},"93":{"loc":{"start":{"line":1017,"column":8},"end":{"line":1017,"column":55}},"type":"binary-expr","locations":[{"start":{"line":1017,"column":8},"end":{"line":1017,"column":29}},{"start":{"line":1017,"column":29},"end":{"line":1017,"column":55}}],"line":1017},"94":{"loc":{"start":{"line":1023,"column":4},"end":{"line":1027,"column":null}},"type":"if","locations":[{"start":{"line":1023,"column":4},"end":{"line":1027,"column":null}},{"start":{},"end":{}}],"line":1023},"95":{"loc":{"start":{"line":1023,"column":8},"end":{"line":1023,"column":52}},"type":"binary-expr","locations":[{"start":{"line":1023,"column":8},"end":{"line":1023,"column":29}},{"start":{"line":1023,"column":29},"end":{"line":1023,"column":52}}],"line":1023},"96":{"loc":{"start":{"line":1029,"column":4},"end":{"line":1033,"column":null}},"type":"if","locations":[{"start":{"line":1029,"column":4},"end":{"line":1033,"column":null}},{"start":{},"end":{}}],"line":1029},"97":{"loc":{"start":{"line":1029,"column":8},"end":{"line":1029,"column":60}},"type":"binary-expr","locations":[{"start":{"line":1029,"column":8},"end":{"line":1029,"column":29}},{"start":{"line":1029,"column":29},"end":{"line":1029,"column":60}}],"line":1029},"98":{"loc":{"start":{"line":1035,"column":4},"end":{"line":1037,"column":null}},"type":"if","locations":[{"start":{"line":1035,"column":4},"end":{"line":1037,"column":null}},{"start":{},"end":{}}],"line":1035},"99":{"loc":{"start":{"line":1035,"column":8},"end":{"line":1035,"column":63}},"type":"binary-expr","locations":[{"start":{"line":1035,"column":8},"end":{"line":1035,"column":29}},{"start":{"line":1035,"column":29},"end":{"line":1035,"column":63}}],"line":1035},"100":{"loc":{"start":{"line":1040,"column":4},"end":{"line":1042,"column":null}},"type":"if","locations":[{"start":{"line":1040,"column":4},"end":{"line":1042,"column":null}},{"start":{},"end":{}}],"line":1040},"101":{"loc":{"start":{"line":1044,"column":4},"end":{"line":1207,"column":null}},"type":"if","locations":[{"start":{"line":1044,"column":4},"end":{"line":1207,"column":null}},{"start":{},"end":{}}],"line":1044},"102":{"loc":{"start":{"line":1045,"column":26},"end":{"line":1045,"column":null}},"type":"binary-expr","locations":[{"start":{"line":1045,"column":26},"end":{"line":1045,"column":48}},{"start":{"line":1045,"column":48},"end":{"line":1045,"column":null}}],"line":1045},"103":{"loc":{"start":{"l
[...]
olumn":68}},"line":145}},"branchMap":{"0":{"loc":{"start":{"line":86,"column":15},"end":{"line":86,"column":30}},"type":"binary-expr","locations":[{"start":{"line":86,"column":15},"end":{"line":86,"column":28}},{"start":{"line":86,"column":28},"end":{"line":86,"column":30}}],"line":86},"1":{"loc":{"start":{"line":92,"column":2},"end":{"line":94,"column":null}},"type":"if","locations":[{"start":{"line":92,"column":2},"end":{"line":94,"column":null}},{"start":{},"end":{}}],"line":92},"2":{"loc":{"start":{"line":92,"column":6},"end":{"line":92,"column":55}},"type":"binary-expr","locations":[{"start":{"line":92,"column":6},"end":{"line":92,"column":33}},{"start":{"line":92,"column":33},"end":{"line":92,"column":55}}],"line":92},"3":{"loc":{"start":{"line":95,"column":2},"end":{"line":97,"column":null}},"type":"if","locations":[{"start":{"line":95,"column":2},"end":{"line":97,"column":null}},{"start":{},"end":{}}],"line":95},"4":{"loc":{"start":{"line":98,"column":2},"end":{"line":100,"column":null}},"type":"if","locations":[{"start":{"line":98,"column":2},"end":{"line":100,"column":null}},{"start":{},"end":{}}],"line":98},"5":{"loc":{"start":{"line":124,"column":2},"end":{"line":124,"column":null}},"type":"if","locations":[{"start":{"line":124,"column":2},"end":{"line":124,"column":null}},{"start":{},"end":{}}],"line":124},"6":{"loc":{"start":{"line":124,"column":6},"end":{"line":124,"column":40}},"type":"binary-expr","locations":[{"start":{"line":124,"column":6},"end":{"line":124,"column":18}},{"start":{"line":124,"column":18},"end":{"line":124,"column":40}}],"line":124},"7":{"loc":{"start":{"line":130,"column":4},"end":{"line":138,"column":null}},"type":"if","locations":[{"start":{"line":130,"column":4},"end":{"line":138,"column":null}},{"start":{},"end":{}}],"line":130},"8":{"loc":{"start":{"line":135,"column":21},"end":{"line":135,"column":null}},"type":"binary-expr","locations":[{"start":{"line":135,"column":21},"end":{"line":135,"column":36}},{"start":{"line":135,"column":36},"end":{"line":135,"column":null}}],"line":135},"9":{"loc":{"start":{"line":137,"column":6},"end":{"line":137,"column":null}},"type":"if","locations":[{"start":{"line":137,"column":6},"end":{"line":137,"column":null}},{"start":{},"end":{}}],"line":137},"10":{"loc":{"start":{"line":145,"column":31},"end":{"line":145,"column":68}},"type":"binary-expr","locations":[{"start":{"line":145,"column":31},"end":{"line":145,"column":64}},{"start":{"line":145,"column":64},"end":{"line":145,"column":68}}],"line":145}},"s":{"0":4,"1":4,"2":7,"3":4,"4":4,"5":4,"6":4,"7":4,"8":4,"9":17,"10":17,"11":8,"12":9,"13":3,"14":6,"15":1,"16":5,"17":15,"18":5,"19":10,"20":10,"21":47,"22":71,"23":47,"24":7,"25":1,"26":7,"27":7,"28":7,"29":7,"30":3,"31":5,"32":2,"33":3},"f":{"0":7,"1":17,"2":15,"3":71,"4":1,"5":5,"6":2},"b":{"0":[17,2],"1":[8,9],"2":[17,16],"3":[3,6],"4":[1,5],"5":[5,10],"6":[15,13],"7":[7,40],"8":[7,6],"9":[7,0],"10":[2,0]},"meta":{"lastBranch":11,"lastFunction":7,"lastStatement":34,"seen":{"s:3:58:17:Infinity":0,"s:19:23:19:Infinity":1,"f:21:16:21:34":0,"s:22:2:22:Infinity":2,"s:27:28:35:Infinity":3,"s:42:68:45:Infinity":4,"s:48:63:53:Infinity":5,"s:58:67:62:Infinity":6,"s:65:71:69:Infinity":7,"s:73:66:76:Infinity":8,"f:85:16:85:53":1,"s:86:8:86:Infinity":9,"b:86:15:86:28:86:28:86:30":0,"b:92:2:94:Infinity:undefined:undefined:undefined:undefined":1,"s:92:2:94:Infinity":10,"b:92:6:92:33:92:33:92:55":2,"s:93:4:93:Infinity":11,"b:95:2:97:Infinity:undefined:undefined:undefined:undefined":3,"s:95:2:97:Infinity":12,"s:96:4:96:Infinity":13,"b:98:2:100:Infinity:undefined:undefined:undefined:undefined":4,"s:98:2:100:Infinity":14,"s:99:4:99:Infinity":15,"s:104:2:109:Infinity":16,"f:119:16:119:Infinity":2,"b:124:2:124:Infinity:undefined:undefined:undefined:undefined":5,"s:124:2:124:Infinity":17,"b:124:6:124:18:124:18:124:40":6,"s:124:40:124:Infinity":18,"s:126:25:126:Infinity":19,"s:128:2:139:Infinity":20,"s:129:18:129:Infinity":21,"f:129:26:129:32":3,"s:129:38:129:60":22,"b:130:4:138:Infinity:undefined:undefined:undefined:undefined":7,"s:130:4:138:Infinity":23,"s:134:26:134:Infinity":24,"f:134:41:134:47":4,"s:134:53:134:75":25,"s:135:21:135:Infinity":26,"b:135:21:135:36:135:36:135:Infinity":8,"s:136:20:136:Infinity":27,"b:137:6:137:Infinity:undefined:undefined:undefined:undefined":9,"s:137:6:137:Infinity":28,"s:137:34:137:Infinity":29,"s:143:22:145:Infinity":30,"f:144:5:144:13":5,"s:144:19:144:58":31,"f:145:5:145:13":6,"s:145:24:145:68":32,"b:145:31:145:64:145:64:145:68":10,"s:147:2:147:Infinity":33},"fnNames":{}}}
,"/home/diogo/click-hero/fury-app-v2/apps/api/src/utils/meta-insights-parser.ts": {"path":"/home/diogo/click-hero/fury-app-v2/apps/api/src/utils/meta-insights-parser.ts","statementMap":{"0":{"start":{"line":5,"column":26},"end":{"line":5,"column":null}},"1":{"start":{"line":6,"column":25},"end":{"line":6,"column":null}},"2":{"start":{"line":12,"column":2},"end":{"line":12,"column":null}},"3":{"start":{"line":12,"column":40},"end":{"line":12,"column":null}},"4":{"start":{"line":14,"column":2},"end":{"line":20,"column":null}},"5":{"start":{"line":15,"column":18},"end":{"line":15,"column":null}},"6":{"start":{"line":15,"column":38},"end":{"line":15,"column":60}},"7":{"start":{"line":16,"column":4},"end":{"line":19,"column":null}},"8":{"start":{"line":17,"column":20},"end":{"line":17,"column":null}},"9":{"start":{"line":18,"column":6},"end":{"line":18,"column":null}},"10":{"start":{"line":22,"column":16},"end":{"line":22,"column":null}},"11":{"start":{"line":23,"column":16},"end":{"line":23,"column":null}},"12":{"start":{"line":24,"column":2},"end":{"line":24,"column":null}},"13":{"start":{"line":32,"column":2},"end":{"line":32,"column":null}},"14":{"start":{"line":38,"column":16},"end":{"line":38,"column":null}},"15":{"start":{"line":39,"column":2},"end":{"line":39,"column":null}},"16":{"start":{"line":45,"column":16},"end":{"line":45,"column":null}},"17":{"start":{"line":46,"column":2},"end":{"line":46,"column":null}},"18":{"start":{"line":58,"column":8},"end":{"line":58,"column":null}},"19":{"start":{"line":59,"column":23},"end":{"line":59,"column":null}},"20":{"start":{"line":60,"column":22},"end":{"line":60,"column":null}},"21":{"start":{"line":63,"column":4},"end":{"line":75,"column":null}},"22":{"start":{"line":66,"column":16},"end":{"line":72,"column":null}},"23":{"start":{"line":69,"column":16},"end":{"line":70,"column":null}},"24":{"start":{"line":72,"column":32},"end":{"line":72,"column":67}},"25":{"start":{"line":73,"column":10},"end":{"line":73,"column":null}},"26":{"start":{"line":81,"column":8},"end":{"line":84,"column":null}},"27":{"start":{"line":86,"column":2},"end":{"line":86,"column":null}}},"fnMap":{"0":{"name":"pickActionValue","decl":{"start":{"line":8,"column":9},"end":{"line":8,"column":null}},"loc":{"start":{"line":11,"column":17},"end":{"line":25,"column":null}},"line":11},"1":{"name":"(anonymous_1)","decl":{"start":{"line":15,"column":26},"end":{"line":15,"column":32}},"loc":{"start":{"line":15,"column":38},"end":{"line":15,"column":60}},"line":15},"2":{"name":"parseConversionsFromActions","decl":{"start":{"line":27,"column":16},"end":{"line":27,"column":null}},"loc":{"start":{"line":31,"column":17},"end":{"line":33,"column":null}},"line":31},"3":{"name":"parseRoasFromPurchaseRoas","decl":{"start":{"line":35,"column":16},"end":{"line":35,"column":null}},"loc":{"start":{"line":37,"column":17},"end":{"line":40,"column":null}},"line":37},"4":{"name":"parseCpaFromCostPerAction","decl":{"start":{"line":42,"column":16},"end":{"line":42,"column":null}},"loc":{"start":{"line":44,"column":17},"end":{"line":47,"column":null}},"line":44},"5":{"name":"extractCampaignMetricsFromInsight","decl":{"start":{"line":49,"column":16},"end":{"line":49,"column":null}},"loc":{"start":{"line":57,"column":2},"end":{"line":87,"column":null}},"line":57},"6":{"name":"(anonymous_6)","decl":{"start":{"line":64,"column":20},"end":{"line":64,"column":null}},"loc":{"start":{"line":65,"column":15},"end":{"line":74,"column":9}},"line":65},"7":{"name":"(anonymous_7)","decl":{"start":{"line":67,"column":13},"end":{"line":67,"column":null}},"loc":{"start":{"line":69,"column":16},"end":{"line":70,"column":null}},"line":69},"8":{"name":"(anonymous_8)","decl":{"start":{"line":72,"column":13},"end":{"line":72,"column":21}},"loc":{"start":{"line":72,"column":32},"end":{"line":72,"column":67}},"line":72}},"branchMap":{"0":{"loc":{"start":{"line":12,"column":2},"end":{"line":12,"column":null}},"type":"if","locations":[{"start":{"line":12,"column":2},"end":{"line":12,"column":null}},{"start":{},"end":{}}],"line":12},"1":{"loc":{"start":{"line":12,"column":6},"end":{"line":12,"column":40}},"type":"binary-expr","locations":[{"start":{"line":12,"column":6},"end":{"line":12,"column":18}},{"start":{"line":12,"column":18},"end":{"line":12,"column":40}}],"line":12},"2":{"loc":{"start":{"line":16,"column":4},"end":{"line":19,"column":null}},"type":"if","locations":[{"start":{"line":16,"column":4},"end":{"line":19,"column":null}},{"start":{},"end":{}}],"line":16},"3":{"loc":{"start":{"line":18,"column":13},"end":{"line":18,"column":null}},"type":"cond-expr","locations":[{"start":{"line":18,"column":38},"end":{"line":18,"column":46}},{"start":{"line":18,"column":46},"end":{"line":18,"column":null}}],"line":18},"4":{"loc":{"start":{"line":24,"column":9},"end":{"line":24,"column":null}},"type":"cond-expr","locations":[{"start":{"line":24,"column":34},"end":{"line":24,"column":42}},{"start":{"line":24,"column":42},"end":{"line":24,"column":null}}],"line":24},"5":{"loc":{"start":{"line":39,"column":9},"end":{"line":39,"column":null}},"type":"cond-expr","locations":[{"start":{"line":39,"column":26},"end":{"line":39,"column":33}},{"start":{"line":39,"column":26},"end":{"line":39,"column":null}}],"line":39},"6":{"loc":{"start":{"line":46,"column":9},"end":{"line":46,"column":null}},"type":"cond-expr","locations":[{"start":{"line":46,"column":26},"end":{"line":46,"column":33}},{"start":{"line":46,"column":26},"end":{"line":46,"column":null}}],"line":46},"7":{"loc":{"start":{"line":63,"column":4},"end":{"line":75,"column":null}},"type":"binary-expr","locations":[{"start":{"line":63,"column":4},"end":{"line":63,"column":null}},{"start":{"line":64,"column":5},"end":{"line":75,"column":null}}],"line":63},"8":{"loc":{"start":{"line":64,"column":5},"end":{"line":75,"column":null}},"type":"cond-expr","locations":[{"start":{"line":64,"column":20},"end":{"line":74,"column":null}},{"start":{"line":75,"column":8},"end":{"line":75,"column":null}}],"line":64},"9":{"loc":{"start":{"line":66,"column":27},"end":{"line":66,"column":54}},"type":"binary-expr","locations":[{"start":{"line":66,"column":27},"end":{"line":66,"column":52}},{"start":{"line":66,"column":52},"end":{"line":66,"column":54}}],"line":66},"10":{"loc":{"start":{"line":69,"column":16},"end":{"line":70,"column":null}},"type":"binary-expr","locations":[{"start":{"line":69,"column":16},"end":{"line":69,"column":null}},{"start":{"line":70,"column":16},"end":{"line":70,"column":null}}],"line":69},"11":{"loc":{"start":{"line":73,"column":17},"end":{"line":73,"column":null}},"type":"cond-expr","locations":[{"start":{"line":73,"column":27},"end":{"line":73,"column":76}},{"start":{"line":73,"column":76},"end":{"line":73,"column":null}}],"line":73},"12":{"loc":{"start":{"line":81,"column":8},"end":{"line":84,"column":null}},"type":"binary-expr","locations":[{"start":{"line":82,"column":5},"end":{"line":84,"column":17}},{"start":{"line":84,"column":17},"end":{"line":84,"column":null}}],"line":81},"13":{"loc":{"start":{"line":82,"column":5},"end":{"line":84,"column":17}},"type":"cond-expr","locations":[{"start":{"line":82,"column":43},"end":{"line":83,"column":null}},{"start":{"line":84,"column":8},"end":{"line":84,"column":17}}],"line":82},"14":{"loc":{"start":{"line":82,"column":5},"end":{"line":82,"column":null}},"type":"binary-expr","locations":[{"start":{"line":82,"column":5},"end":{"line":82,"column":29}},{"start":{"line":82,"column":29},"end":{"line":82,"column":null}}],"line":82}},"s":{"0":3,"1":3,"2":17,"3":13,"4":4,"5":7,"6":7,"7":7,"8":3,"9":3,"10":1,"11":1,"12":17,"13":4,"14":9,"15":9,"16":8,"17":8,"18":5,"19":5,"20":5,"21":5,"22":3,"23":1,"24":1,"25":3,"26":5,"27":5},"f":{"0":17,"1":7,"2":4,"3":9,"4":8,"5":5,"6":3,"7":1,"8":1},"b":{"0":[13,4],"1":[17,5],"2":[3,4],"3":[3,0],"4":[1,0],"5":[6,3],"6":[7,1],"7":[5,4],"8":[3,1],"9":[3,0],"10":[1,0],"11":[1,2],"12":[5,0],"13":[5,0],"14":[5,5]},"meta":{"lastBranch":15,"lastFunction":9,"lastStatement":28,"seen":{"s:5:26:5:Infinity":0,"s:6:25:6:Infinity":1,"f:8:9:8:Infinity":0,"b:12:2:12:Infinity:undefined:undefined:undefined:undefined":0,"s:12:2:12:Infinity":2,"b:12:6:12:18:12:18:12:40":1,"s:12:40:12:Infinity":3,"s:14:2:20:Infinity":4,"s:15:18:15:Infinity":5,"f:15:26:15:32":1,"s:15:38:15:60":6,"b:16:4:19:Infinity:undefined:undefined:undefined:undefined":2,"s:16:4:19:Infinity":7,"s:17:20:17:Infinity":8,"s:18:6:18:Infinity":9,"b:18:38:18:46:18:46:18:Infinity":3,"s:22:16:22:Infinity":10,"s:23:16:23:Infinity":11,"s:24:2:24:Infinity":12,"b:24:34:24:42:24:42:24:Infinity":4,"f:27:16:27:Infinity":2,"s:32:2:32:Infinity":13,"f:35:16:35:Infinity":3,"s:38:16:38:Infinity":14,"s:39:2:39:Infinity":15,"b:39:26:39:33:39:26:39:Infinity":5,"f:42:16:42:Infinity":4,"s:45:16:45:Infinity":16,"s:46:2:46:Infinity":17,"b:46:26:46:33:46:26:46:Infinity":6,"f:49:16:49:Infinity":5,"s:58:8:58:Infinity":18,"s:59:23:59:Infinity":19,"s:60:22:60:Infinity":20,"s:63:4:75:Infinity":21,"b:63:4:63:Infinity:64:5:75:Infinity":7,"b:64:20:74:Infinity:75:8:75:Infinity":8,"f:64:20:64:Infinity":6,"s:66:16:72:Infinity":22,"b:66:27:66:52:66:52:66:54":9,"f:67:13:67:Infinity":7,"s:69:16:70:Infinity":23,"b:69:16:69:Infinity:70:16:70:Infinity":10,"f:72:13:72:21":8,"s:72:32:72:67":24,"s:73:10:73:Infinity":25,"b:73:27:73:76:73:76:73:Infinity":11,"s:81:8:84:Infinity":26,"b:82:5:84:17:84:17:84:Infinity":12,"b:82:43:83:Infinity:84:8:84:17":13,"b:82:5:82:29:82:29:82:Infinity":14,"s:86:2:86:Infinity":27},"fnNames":{}}}
,"/home/diogo/click-hero/fury-app-v2/apps/api/src/utils/metrics-formatter.ts": {"path":"/home/diogo/click-hero/fury-app-v2/apps/api/src/utils/metrics-formatter.ts","statementMap":{"0":{"start":{"line":2,"column":2},"end":{"line":2,"column":null}},"1":{"start":{"line":6,"column":2},"end":{"line":6,"column":null}},"2":{"start":{"line":10,"column":2},"end":{"line":10,"column":null}},"3":{"start":{"line":10,"column":25},"end":{"line":10,"column":null}},"4":{"start":{"line":11,"column":2},"end":{"line":11,"column":null}},"5":{"start":{"line":15,"column":2},"end":{"line":15,"column":null}},"6":{"start":{"line":15,"column":25},"end":{"line":15,"column":null}},"7":{"start":{"line":16,"column":23},"end":{"line":16,"column":null}},"8":{"start":{"line":17,"column":2},"end":{"line":17,"column":null}},"9":{"start":{"line":21,"column":2},"end":{"line":21,"column":null}},"10":{"start":{"line":21,"column":25},"end":{"line":21,"column":null}},"11":{"start":{"line":22,"column":2},"end":{"line":22,"column":null}},"12":{"start":{"line":32,"column":21},"end":{"line":32,"column":null}},"13":{"start":{"line":32,"column":46},"end":{"line":32,"column":61}},"14":{"start":{"line":33,"column":27},"end":{"line":33,"column":null}},"15":{"start":{"line":33,"column":52},"end":{"line":33,"column":73}},"16":{"start":{"line":34,"column":22},"end":{"line":34,"column":null}},"17":{"start":{"line":34,"column":47},"end":{"line":34,"column":63}},"18":{"start":{"line":35,"column":27},"end":{"line":35,"column":null}},"19":{"start":{"line":35,"column":52},"end":{"line":35,"column":73}},"20":{"start":{"line":36,"column":18},"end":{"line":38,"column":null}},"21":{"start":{"line":37,"column":47},"end":{"line":37,"column":61}},"22":{"start":{"line":40,"column":2},"end":{"line":46,"column":null}}},"fnMap":{"0":{"name":"centavosToReais","decl":{"start":{"line":1,"column":16},"end":{"line":1,"column":32}},"loc":{"start":{"line":1,"column":58},"end":{"line":3,"column":null}},"line":1},"1":{"name":"roundToDecimals","decl":{"start":{"line":5,"column":16},"end":{"line":5,"column":32}},"loc":{"start":{"line":5,"column":73},"end":{"line":7,"column":null}},"line":5},"2":{"name":"calculateCTR","decl":{"start":{"line":9,"column":16},"end":{"line":9,"column":29}},"loc":{"start":{"line":9,"column":74},"end":{"line":12,"column":null}},"line":9},"3":{"name":"calculateCPM","decl":{"start":{"line":14,"column":16},"end":{"line":14,"column":29}},"loc":{"start":{"line":14,"column":83},"end":{"line":18,"column":null}},"line":14},"4":{"name":"calculateCPA","decl":{"start":{"line":20,"column":16},"end":{"line":20,"column":29}},"loc":{"start":{"line":20,"column":80},"end":{"line":23,"column":null}},"line":20},"5":{"name":"aggregateDailyMetrics","decl":{"start":{"line":25,"column":16},"end":{"line":25,"column":38}},"loc":{"start":{"line":31,"column":2},"end":{"line":47,"column":null}},"line":31},"6":{"name":"(anonymous_6)","decl":{"start":{"line":32,"column":27},"end":{"line":32,"column":35}},"loc":{"start":{"line":32,"column":46},"end":{"line":32,"column":61}},"line":32},"7":{"name":"(anonymous_7)","decl":{"start":{"line":33,"column":33},"end":{"line":33,"column":41}},"loc":{"start":{"line":33,"column":52},"end":{"line":33,"column":73}},"line":33},"8":{"name":"(anonymous_8)","decl":{"start":{"line":34,"column":28},"end":{"line":34,"column":36}},"loc":{"start":{"line":34,"column":47},"end":{"line":34,"column":63}},"line":34},"9":{"name":"(anonymous_9)","decl":{"start":{"line":35,"column":33},"end":{"line":35,"column":41}},"loc":{"start":{"line":35,"column":52},"end":{"line":35,"column":73}},"line":35},"10":{"name":"(anonymous_10)","decl":{"start":{"line":37,"column":28},"end":{"line":37,"column":36}},"loc":{"start":{"line":37,"column":47},"end":{"line":37,"column":61}},"line":37}},"branchMap":{"0":{"loc":{"start":{"line":10,"column":2},"end":{"line":10,"column":null}},"type":"if","locations":[{"start":{"line":10,"column":2},"end":{"line":10,"column":null}},{"start":{},"end":{}}],"line":10},"1":{"loc":{"start":{"line":15,"column":2},"end":{"line":15,"column":null}},"type":"if","locations":[{"start":{"line":15,"column":2},"end":{"line":15,"column":null}},{"start":{},"end":{}}],"line":15},"2":{"loc":{"start":{"line":21,"column":2},"end":{"line":21,"column":null}},"type":"if","locations":[{"start":{"line":21,"column":2},"end":{"line":21,"column":null}},{"start":{},"end":{}}],"line":21},"3":{"loc":{"start":{"line":36,"column":18},"end":{"line":38,"column":null}},"type":"cond-expr","locations":[{"start":{"line":37,"column":6},"end":{"line":37,"column":null}},{"start":{"line":38,"column":6},"end":{"line":38,"column":null}}],"line":36}},"s":{"0":7,"1":28,"2":3,"3":1,"4":2,"5":4,"6":1,"7":3,"8":3,"9":8,"10":1,"11":7,"12":2,"13":2,"14":2,"15":2,"16":2,"17":2,"18":2,"19":2,"20":2,"21":2,"22":2},"f":{"0":7,"1":28,"2":3,"3":4,"4":8,"5":2,"6":2,"7":2,"8":2,"9":2,"10":2},"b":{"0":[1,2],"1":[1,3],"2":[1,7],"3":[1,1]},"meta":{"lastBranch":4,"lastFunction":11,"lastStatement":23,"seen":{"f:1:16:1:32":0,"s:2:2:2:Infinity":0,"f:5:16:5:32":1,"s:6:2:6:Infinity":1,"f:9:16:9:29":2,"b:10:2:10:Infinity:undefined:undefined:undefined:undefined":0,"s:10:2:10:Infinity":2,"s:10:25:10:Infinity":3,"s:11:2:11:Infinity":4,"f:14:16:14:29":3,"b:15:2:15:Infinity:undefined:undefined:undefined:undefined":1,"s:15:2:15:Infinity":5,"s:15:25:15:Infinity":6,"s:16:23:16:Infinity":7,"s:17:2:17:Infinity":8,"f:20:16:20:29":4,"b:21:2:21:Infinity:undefined:undefined:undefined:undefined":2,"s:21:2:21:Infinity":9,"s:21:25:21:Infinity":10,"s:22:2:22:Infinity":11,"f:25:16:25:38":5,"s:32:21:32:Infinity":12,"f:32:27:32:35":6,"s:32:46:32:61":13,"s:33:27:33:Infinity":14,"f:33:33:33:41":7,"s:33:52:33:73":15,"s:34:22:34:Infinity":16,"f:34:28:34:36":8,"s:34:47:34:63":17,"s:35:27:35:Infinity":18,"f:35:33:35:41":9,"s:35:52:35:73":19,"s:36:18:38:Infinity":20,"b:37:6:37:Infinity:38:6:38:Infinity":3,"f:37:28:37:36":10,"s:37:47:37:61":21,"s:40:2:46:Infinity":22},"fnNames":{}}}
}
